[2024-05-30 17:15:00 [32mINFO [0;39m restartedMain] [com.green.todo.TodoApplication] [36mStarting TodoApplication using Java 17.0.10 with PID 12520 (D:\Students\MJ\backEnd\todo\build\classes\java\main started by Administrator in D:\Students\MJ\backEnd\todo)[0;39m
[2024-05-30 17:15:00 [32mINFO [0;39m restartedMain] [com.green.todo.TodoApplication] [36mNo active profile set, falling back to 1 default profile: "default"[0;39m
[2024-05-30 17:15:00 [32mINFO [0;39m restartedMain] [org.springframework.boot.devtools.env.DevToolsPropertyDefaultsPostProcessor] [36mDevtools property defaults active! Set 'spring.devtools.add-properties' to 'false' to disable[0;39m
[2024-05-30 17:15:00 [32mINFO [0;39m restartedMain] [org.springframework.boot.devtools.env.DevToolsPropertyDefaultsPostProcessor] [36mFor additional web related logging consider setting the 'logging.level.web' property to 'DEBUG'[0;39m
[2024-05-30 17:15:01 [32mINFO [0;39m restartedMain] [org.springframework.boot.web.embedded.tomcat.TomcatWebServer] [36mTomcat initialized with port 8080 (http)[0;39m
[2024-05-30 17:15:01 [32mINFO [0;39m restartedMain] [org.apache.coyote.http11.Http11NioProtocol] [36mInitializing ProtocolHandler ["http-nio-8080"][0;39m
[2024-05-30 17:15:01 [32mINFO [0;39m restartedMain] [org.apache.catalina.core.StandardService] [36mStarting service [Tomcat][0;39m
[2024-05-30 17:15:01 [32mINFO [0;39m restartedMain] [org.apache.catalina.core.StandardEngine] [36mStarting Servlet engine: [Apache Tomcat/10.1.20][0;39m
[2024-05-30 17:15:01 [32mINFO [0;39m restartedMain] [org.apache.catalina.core.ContainerBase.[Tomcat].[localhost].[/]] [36mInitializing Spring embedded WebApplicationContext[0;39m
[2024-05-30 17:15:01 [32mINFO [0;39m restartedMain] [org.springframework.boot.web.servlet.context.ServletWebServerApplicationContext] [36mRoot WebApplicationContext: initialization completed in 1116 ms[0;39m
[2024-05-30 17:15:02 [32mINFO [0;39m restartedMain] [org.springframework.boot.devtools.autoconfigure.OptionalLiveReloadServer] [36mLiveReload server is running on port 35729[0;39m
[2024-05-30 17:15:02 [32mINFO [0;39m restartedMain] [org.springframework.boot.actuate.endpoint.web.EndpointLinksResolver] [36mExposing 1 endpoint(s) beneath base path '/actuator'[0;39m
[2024-05-30 17:15:02 [32mINFO [0;39m restartedMain] [org.apache.coyote.http11.Http11NioProtocol] [36mStarting ProtocolHandler ["http-nio-8080"][0;39m
[2024-05-30 17:15:02 [32mINFO [0;39m restartedMain] [org.springframework.boot.web.embedded.tomcat.TomcatWebServer] [36mTomcat started on port 8080 (http) with context path ''[0;39m
[2024-05-30 17:15:02 [32mINFO [0;39m restartedMain] [com.green.todo.TodoApplication] [36mStarted TodoApplication in 2.274 seconds (process running for 2.639)[0;39m
[2024-05-30 17:15:03 [32mINFO [0;39m RMI TCP Connection(1)-192.168.0.207] [org.apache.catalina.core.ContainerBase.[Tomcat].[localhost].[/]] [36mInitializing Spring DispatcherServlet 'dispatcherServlet'[0;39m
[2024-05-30 17:15:03 [32mINFO [0;39m RMI TCP Connection(1)-192.168.0.207] [org.springframework.web.servlet.DispatcherServlet] [36mInitializing Servlet 'dispatcherServlet'[0;39m
[2024-05-30 17:15:03 [32mINFO [0;39m RMI TCP Connection(2)-192.168.0.207] [com.zaxxer.hikari.HikariDataSource] [36mHikariPool-1 - Starting...[0;39m
[2024-05-30 17:15:03 [32mINFO [0;39m RMI TCP Connection(1)-192.168.0.207] [org.springframework.web.servlet.DispatcherServlet] [36mCompleted initialization in 1 ms[0;39m
[2024-05-30 17:15:03 [32mINFO [0;39m RMI TCP Connection(2)-192.168.0.207] [com.zaxxer.hikari.pool.HikariPool] [36mHikariPool-1 - Added connection net.sf.log4jdbc.sql.jdbcapi.ConnectionSpy@66608af[0;39m
[2024-05-30 17:15:03 [32mINFO [0;39m RMI TCP Connection(2)-192.168.0.207] [com.zaxxer.hikari.HikariDataSource] [36mHikariPool-1 - Start completed.[0;39m
[2024-05-30 17:16:20 [32mINFO [0;39m http-nio-8080-exec-9] [org.springdoc.api.AbstractOpenApiResource] [36mInit duration for springdoc-openapi is: 186 ms[0;39m
[2024-05-30 17:16:38 [32mDEBUG[0;39m http-nio-8080-exec-5] [jdbc.sqltiming] [36m com.zaxxer.hikari.pool.ProxyPreparedStatement.execute(ProxyPreparedStatement.java:44)
1. SELECT tag_id AS tagId, title, color
            , created_at AS createdAt, updated_at AS updatedAt
        FROM tag
        WHERE title = '제목'
 {executed in 0 msec}[0;39m
[2024-05-30 17:16:38 [32mINFO [0;39m http-nio-8080-exec-5] [jdbc.resultsettable] [36m
|-------|------|------|-----------|-----------|
|tag_id |title |color |created_at |updated_at |
|-------|------|------|-----------|-----------|
|-------|------|------|-----------|-----------|
[0;39m
[2024-05-30 17:16:38 [32mDEBUG[0;39m http-nio-8080-exec-5] [jdbc.sqltiming] [36m com.zaxxer.hikari.pool.ProxyPreparedStatement.execute(ProxyPreparedStatement.java:44)
1. UPDATE tag
         SET title = '제목'

                , color = 1 
        WHERE tag_id = 1
 {executed in 3 msec}[0;39m
[2024-05-30 17:16:38 [32mINFO [0;39m http-nio-8080-exec-5] [com.green.todo.tag.TagController] [36m======== TagUpdateRes(tagId=0, title=제목, color=0)[0;39m
[2024-05-30 17:20:14 [32mINFO [0;39m File Watcher] [org.springframework.boot.devtools.autoconfigure.LocalDevToolsAutoConfiguration$RestartingClassPathChangeChangedEventListener] [36mRestarting due to 3 class path changes (0 additions, 1 deletion, 2 modifications)[0;39m
[2024-05-30 17:20:14 [32mINFO [0;39m Thread-5] [org.apache.coyote.http11.Http11NioProtocol] [36mStopping ProtocolHandler ["http-nio-8080"][0;39m
[2024-05-30 17:20:14 [32mINFO [0;39m Thread-5] [com.zaxxer.hikari.HikariDataSource] [36mHikariPool-1 - Shutdown initiated...[0;39m
[2024-05-30 17:20:14 [32mINFO [0;39m Thread-5] [com.zaxxer.hikari.HikariDataSource] [36mHikariPool-1 - Shutdown completed.[0;39m
[2024-05-30 17:20:14 [32mINFO [0;39m restartedMain] [com.green.todo.TodoApplication] [36mStarting TodoApplication using Java 17.0.10 with PID 12520 (D:\Students\MJ\backEnd\todo\build\classes\java\main started by Administrator in D:\Students\MJ\backEnd\todo)[0;39m
[2024-05-30 17:20:14 [32mINFO [0;39m restartedMain] [com.green.todo.TodoApplication] [36mNo active profile set, falling back to 1 default profile: "default"[0;39m
[2024-05-30 17:20:15 [32mINFO [0;39m restartedMain] [org.springframework.boot.web.embedded.tomcat.TomcatWebServer] [36mTomcat initialized with port 8080 (http)[0;39m
[2024-05-30 17:20:15 [32mINFO [0;39m restartedMain] [org.apache.coyote.http11.Http11NioProtocol] [36mInitializing ProtocolHandler ["http-nio-8080"][0;39m
[2024-05-30 17:20:15 [32mINFO [0;39m restartedMain] [org.apache.catalina.core.StandardService] [36mStarting service [Tomcat][0;39m
[2024-05-30 17:20:15 [32mINFO [0;39m restartedMain] [org.apache.catalina.core.StandardEngine] [36mStarting Servlet engine: [Apache Tomcat/10.1.20][0;39m
[2024-05-30 17:20:15 [32mINFO [0;39m restartedMain] [org.apache.catalina.core.ContainerBase.[Tomcat].[localhost].[/]] [36mInitializing Spring embedded WebApplicationContext[0;39m
[2024-05-30 17:20:15 [32mINFO [0;39m restartedMain] [org.springframework.boot.web.servlet.context.ServletWebServerApplicationContext] [36mRoot WebApplicationContext: initialization completed in 305 ms[0;39m
[2024-05-30 17:20:15 [32mINFO [0;39m restartedMain] [org.springframework.boot.devtools.autoconfigure.OptionalLiveReloadServer] [36mLiveReload server is running on port 35729[0;39m
[2024-05-30 17:20:15 [32mINFO [0;39m restartedMain] [org.springframework.boot.actuate.endpoint.web.EndpointLinksResolver] [36mExposing 1 endpoint(s) beneath base path '/actuator'[0;39m
[2024-05-30 17:20:15 [32mINFO [0;39m restartedMain] [org.apache.coyote.http11.Http11NioProtocol] [36mStarting ProtocolHandler ["http-nio-8080"][0;39m
[2024-05-30 17:20:15 [32mINFO [0;39m restartedMain] [org.springframework.boot.web.embedded.tomcat.TomcatWebServer] [36mTomcat started on port 8080 (http) with context path ''[0;39m
[2024-05-30 17:20:15 [32mINFO [0;39m restartedMain] [com.green.todo.TodoApplication] [36mStarted TodoApplication in 0.552 seconds (process running for 315.375)[0;39m
[2024-05-30 17:20:15 [32mINFO [0;39m restartedMain] [org.springframework.boot.devtools.autoconfigure.ConditionEvaluationDeltaLoggingListener] [36mCondition evaluation unchanged[0;39m
[2024-05-30 17:38:36 [32mINFO [0;39m restartedMain] [com.green.todo.TodoApplication] [36mStarting TodoApplication using Java 17.0.10 with PID 600 (D:\Students\MJ\backEnd\todo\build\classes\java\main started by Administrator in D:\Students\MJ\backEnd\todo)[0;39m
[2024-05-30 17:38:36 [32mINFO [0;39m restartedMain] [com.green.todo.TodoApplication] [36mNo active profile set, falling back to 1 default profile: "default"[0;39m
[2024-05-30 17:38:36 [32mINFO [0;39m restartedMain] [org.springframework.boot.devtools.env.DevToolsPropertyDefaultsPostProcessor] [36mDevtools property defaults active! Set 'spring.devtools.add-properties' to 'false' to disable[0;39m
[2024-05-30 17:38:36 [32mINFO [0;39m restartedMain] [org.springframework.boot.devtools.env.DevToolsPropertyDefaultsPostProcessor] [36mFor additional web related logging consider setting the 'logging.level.web' property to 'DEBUG'[0;39m
[2024-05-30 17:38:37 [32mINFO [0;39m restartedMain] [org.springframework.boot.web.embedded.tomcat.TomcatWebServer] [36mTomcat initialized with port 8080 (http)[0;39m
[2024-05-30 17:38:37 [32mINFO [0;39m restartedMain] [org.apache.coyote.http11.Http11NioProtocol] [36mInitializing ProtocolHandler ["http-nio-8080"][0;39m
[2024-05-30 17:38:37 [32mINFO [0;39m restartedMain] [org.apache.catalina.core.StandardService] [36mStarting service [Tomcat][0;39m
[2024-05-30 17:38:37 [32mINFO [0;39m restartedMain] [org.apache.catalina.core.StandardEngine] [36mStarting Servlet engine: [Apache Tomcat/10.1.20][0;39m
[2024-05-30 17:38:37 [32mINFO [0;39m restartedMain] [org.apache.catalina.core.ContainerBase.[Tomcat].[localhost].[/]] [36mInitializing Spring embedded WebApplicationContext[0;39m
[2024-05-30 17:38:37 [32mINFO [0;39m restartedMain] [org.springframework.boot.web.servlet.context.ServletWebServerApplicationContext] [36mRoot WebApplicationContext: initialization completed in 980 ms[0;39m
[2024-05-30 17:38:38 [32mINFO [0;39m restartedMain] [org.springframework.boot.devtools.autoconfigure.OptionalLiveReloadServer] [36mLiveReload server is running on port 35729[0;39m
[2024-05-30 17:38:38 [32mINFO [0;39m restartedMain] [org.springframework.boot.actuate.endpoint.web.EndpointLinksResolver] [36mExposing 1 endpoint(s) beneath base path '/actuator'[0;39m
[2024-05-30 17:38:38 [32mINFO [0;39m restartedMain] [org.apache.coyote.http11.Http11NioProtocol] [36mStarting ProtocolHandler ["http-nio-8080"][0;39m
[2024-05-30 17:38:38 [32mINFO [0;39m restartedMain] [org.springframework.boot.web.embedded.tomcat.TomcatWebServer] [36mTomcat started on port 8080 (http) with context path ''[0;39m
[2024-05-30 17:38:38 [32mINFO [0;39m restartedMain] [com.green.todo.TodoApplication] [36mStarted TodoApplication in 2.031 seconds (process running for 2.404)[0;39m
[2024-05-30 17:38:38 [32mINFO [0;39m RMI TCP Connection(2)-192.168.0.207] [org.apache.catalina.core.ContainerBase.[Tomcat].[localhost].[/]] [36mInitializing Spring DispatcherServlet 'dispatcherServlet'[0;39m
[2024-05-30 17:38:38 [32mINFO [0;39m RMI TCP Connection(2)-192.168.0.207] [org.springframework.web.servlet.DispatcherServlet] [36mInitializing Servlet 'dispatcherServlet'[0;39m
[2024-05-30 17:38:38 [32mINFO [0;39m RMI TCP Connection(2)-192.168.0.207] [org.springframework.web.servlet.DispatcherServlet] [36mCompleted initialization in 1 ms[0;39m
[2024-05-30 17:38:38 [32mINFO [0;39m RMI TCP Connection(1)-192.168.0.207] [com.zaxxer.hikari.HikariDataSource] [36mHikariPool-1 - Starting...[0;39m
[2024-05-30 17:38:38 [32mINFO [0;39m RMI TCP Connection(1)-192.168.0.207] [com.zaxxer.hikari.pool.HikariPool] [36mHikariPool-1 - Added connection net.sf.log4jdbc.sql.jdbcapi.ConnectionSpy@71142c1f[0;39m
[2024-05-30 17:38:38 [32mINFO [0;39m RMI TCP Connection(1)-192.168.0.207] [com.zaxxer.hikari.HikariDataSource] [36mHikariPool-1 - Start completed.[0;39m
[2024-05-30 17:41:25 [32mINFO [0;39m File Watcher] [org.springframework.boot.devtools.autoconfigure.LocalDevToolsAutoConfiguration$RestartingClassPathChangeChangedEventListener] [36mRestarting due to 5 class path changes (0 additions, 0 deletions, 5 modifications)[0;39m
[2024-05-30 17:41:25 [32mINFO [0;39m Thread-5] [org.apache.coyote.http11.Http11NioProtocol] [36mStopping ProtocolHandler ["http-nio-8080"][0;39m
[2024-05-30 17:41:25 [32mINFO [0;39m Thread-5] [com.zaxxer.hikari.HikariDataSource] [36mHikariPool-1 - Shutdown initiated...[0;39m
[2024-05-30 17:41:25 [32mINFO [0;39m Thread-5] [com.zaxxer.hikari.HikariDataSource] [36mHikariPool-1 - Shutdown completed.[0;39m
[2024-05-30 17:41:25 [32mINFO [0;39m restartedMain] [com.green.todo.TodoApplication] [36mStarting TodoApplication using Java 17.0.10 with PID 600 (D:\Students\MJ\backEnd\todo\build\classes\java\main started by Administrator in D:\Students\MJ\backEnd\todo)[0;39m
[2024-05-30 17:41:25 [32mINFO [0;39m restartedMain] [com.green.todo.TodoApplication] [36mNo active profile set, falling back to 1 default profile: "default"[0;39m
[2024-05-30 17:41:26 [32mINFO [0;39m restartedMain] [org.springframework.boot.web.embedded.tomcat.TomcatWebServer] [36mTomcat initialized with port 8080 (http)[0;39m
[2024-05-30 17:41:26 [32mINFO [0;39m restartedMain] [org.apache.coyote.http11.Http11NioProtocol] [36mInitializing ProtocolHandler ["http-nio-8080"][0;39m
[2024-05-30 17:41:26 [32mINFO [0;39m restartedMain] [org.apache.catalina.core.StandardService] [36mStarting service [Tomcat][0;39m
[2024-05-30 17:41:26 [32mINFO [0;39m restartedMain] [org.apache.catalina.core.StandardEngine] [36mStarting Servlet engine: [Apache Tomcat/10.1.20][0;39m
[2024-05-30 17:41:26 [32mINFO [0;39m restartedMain] [org.apache.catalina.core.ContainerBase.[Tomcat].[localhost].[/]] [36mInitializing Spring embedded WebApplicationContext[0;39m
[2024-05-30 17:41:26 [32mINFO [0;39m restartedMain] [org.springframework.boot.web.servlet.context.ServletWebServerApplicationContext] [36mRoot WebApplicationContext: initialization completed in 309 ms[0;39m
[2024-05-30 17:41:26 [32mINFO [0;39m restartedMain] [org.springframework.boot.devtools.autoconfigure.OptionalLiveReloadServer] [36mLiveReload server is running on port 35729[0;39m
[2024-05-30 17:41:26 [32mINFO [0;39m restartedMain] [org.springframework.boot.actuate.endpoint.web.EndpointLinksResolver] [36mExposing 1 endpoint(s) beneath base path '/actuator'[0;39m
[2024-05-30 17:41:26 [32mINFO [0;39m restartedMain] [org.apache.coyote.http11.Http11NioProtocol] [36mStarting ProtocolHandler ["http-nio-8080"][0;39m
[2024-05-30 17:41:26 [32mINFO [0;39m restartedMain] [org.springframework.boot.web.embedded.tomcat.TomcatWebServer] [36mTomcat started on port 8080 (http) with context path ''[0;39m
[2024-05-30 17:41:26 [32mINFO [0;39m restartedMain] [com.green.todo.TodoApplication] [36mStarted TodoApplication in 0.542 seconds (process running for 170.313)[0;39m
[2024-05-30 17:41:26 [32mINFO [0;39m restartedMain] [org.springframework.boot.devtools.autoconfigure.ConditionEvaluationDeltaLoggingListener] [36mCondition evaluation unchanged[0;39m
[2024-05-30 17:43:48 [32mINFO [0;39m restartedMain] [com.green.todo.TodoApplication] [36mStarting TodoApplication using Java 17.0.10 with PID 11704 (D:\Students\MJ\backEnd\todo\build\classes\java\main started by Administrator in D:\Students\MJ\backEnd\todo)[0;39m
[2024-05-30 17:43:48 [32mINFO [0;39m restartedMain] [com.green.todo.TodoApplication] [36mNo active profile set, falling back to 1 default profile: "default"[0;39m
[2024-05-30 17:43:48 [32mINFO [0;39m restartedMain] [org.springframework.boot.devtools.env.DevToolsPropertyDefaultsPostProcessor] [36mDevtools property defaults active! Set 'spring.devtools.add-properties' to 'false' to disable[0;39m
[2024-05-30 17:43:48 [32mINFO [0;39m restartedMain] [org.springframework.boot.devtools.env.DevToolsPropertyDefaultsPostProcessor] [36mFor additional web related logging consider setting the 'logging.level.web' property to 'DEBUG'[0;39m
[2024-05-30 17:43:49 [32mINFO [0;39m restartedMain] [org.springframework.boot.web.embedded.tomcat.TomcatWebServer] [36mTomcat initialized with port 8080 (http)[0;39m
[2024-05-30 17:43:49 [32mINFO [0;39m restartedMain] [org.apache.coyote.http11.Http11NioProtocol] [36mInitializing ProtocolHandler ["http-nio-8080"][0;39m
[2024-05-30 17:43:49 [32mINFO [0;39m restartedMain] [org.apache.catalina.core.StandardService] [36mStarting service [Tomcat][0;39m
[2024-05-30 17:43:49 [32mINFO [0;39m restartedMain] [org.apache.catalina.core.StandardEngine] [36mStarting Servlet engine: [Apache Tomcat/10.1.20][0;39m
[2024-05-30 17:43:49 [32mINFO [0;39m restartedMain] [org.apache.catalina.core.ContainerBase.[Tomcat].[localhost].[/]] [36mInitializing Spring embedded WebApplicationContext[0;39m
[2024-05-30 17:43:49 [32mINFO [0;39m restartedMain] [org.springframework.boot.web.servlet.context.ServletWebServerApplicationContext] [36mRoot WebApplicationContext: initialization completed in 960 ms[0;39m
[2024-05-30 17:43:49 [32mINFO [0;39m restartedMain] [org.springframework.boot.devtools.autoconfigure.OptionalLiveReloadServer] [36mLiveReload server is running on port 35729[0;39m
[2024-05-30 17:43:49 [32mINFO [0;39m restartedMain] [org.springframework.boot.actuate.endpoint.web.EndpointLinksResolver] [36mExposing 1 endpoint(s) beneath base path '/actuator'[0;39m
[2024-05-30 17:43:49 [32mINFO [0;39m restartedMain] [org.apache.coyote.http11.Http11NioProtocol] [36mStarting ProtocolHandler ["http-nio-8080"][0;39m
[2024-05-30 17:43:49 [32mINFO [0;39m restartedMain] [org.springframework.boot.web.embedded.tomcat.TomcatWebServer] [36mTomcat started on port 8080 (http) with context path ''[0;39m
[2024-05-30 17:43:49 [32mINFO [0;39m restartedMain] [com.green.todo.TodoApplication] [36mStarted TodoApplication in 2.02 seconds (process running for 2.374)[0;39m
[2024-05-30 17:43:50 [32mINFO [0;39m RMI TCP Connection(2)-192.168.0.207] [org.apache.catalina.core.ContainerBase.[Tomcat].[localhost].[/]] [36mInitializing Spring DispatcherServlet 'dispatcherServlet'[0;39m
[2024-05-30 17:43:50 [32mINFO [0;39m RMI TCP Connection(2)-192.168.0.207] [org.springframework.web.servlet.DispatcherServlet] [36mInitializing Servlet 'dispatcherServlet'[0;39m
[2024-05-30 17:43:50 [32mINFO [0;39m RMI TCP Connection(3)-192.168.0.207] [com.zaxxer.hikari.HikariDataSource] [36mHikariPool-1 - Starting...[0;39m
[2024-05-30 17:43:50 [32mINFO [0;39m RMI TCP Connection(2)-192.168.0.207] [org.springframework.web.servlet.DispatcherServlet] [36mCompleted initialization in 1 ms[0;39m
[2024-05-30 17:43:50 [32mINFO [0;39m RMI TCP Connection(3)-192.168.0.207] [com.zaxxer.hikari.pool.HikariPool] [36mHikariPool-1 - Added connection net.sf.log4jdbc.sql.jdbcapi.ConnectionSpy@702b61fe[0;39m
[2024-05-30 17:43:50 [32mINFO [0;39m RMI TCP Connection(3)-192.168.0.207] [com.zaxxer.hikari.HikariDataSource] [36mHikariPool-1 - Start completed.[0;39m
[2024-05-30 17:45:24 [32mINFO [0;39m SpringApplicationShutdownHook] [com.zaxxer.hikari.HikariDataSource] [36mHikariPool-1 - Shutdown initiated...[0;39m
[2024-05-30 17:45:24 [32mINFO [0;39m SpringApplicationShutdownHook] [com.zaxxer.hikari.HikariDataSource] [36mHikariPool-1 - Shutdown completed.[0;39m
[2024-05-30 17:45:26 [32mINFO [0;39m restartedMain] [com.green.todo.TodoApplication] [36mStarting TodoApplication using Java 17.0.10 with PID 12076 (D:\Students\MJ\backEnd\todo\build\classes\java\main started by Administrator in D:\Students\MJ\backEnd\todo)[0;39m
[2024-05-30 17:45:26 [32mINFO [0;39m restartedMain] [com.green.todo.TodoApplication] [36mNo active profile set, falling back to 1 default profile: "default"[0;39m
[2024-05-30 17:45:26 [32mINFO [0;39m restartedMain] [org.springframework.boot.devtools.env.DevToolsPropertyDefaultsPostProcessor] [36mDevtools property defaults active! Set 'spring.devtools.add-properties' to 'false' to disable[0;39m
[2024-05-30 17:45:26 [32mINFO [0;39m restartedMain] [org.springframework.boot.devtools.env.DevToolsPropertyDefaultsPostProcessor] [36mFor additional web related logging consider setting the 'logging.level.web' property to 'DEBUG'[0;39m
[2024-05-30 17:45:27 [32mINFO [0;39m restartedMain] [org.springframework.boot.web.embedded.tomcat.TomcatWebServer] [36mTomcat initialized with port 8080 (http)[0;39m
[2024-05-30 17:45:27 [32mINFO [0;39m restartedMain] [org.apache.coyote.http11.Http11NioProtocol] [36mInitializing ProtocolHandler ["http-nio-8080"][0;39m
[2024-05-30 17:45:27 [32mINFO [0;39m restartedMain] [org.apache.catalina.core.StandardService] [36mStarting service [Tomcat][0;39m
[2024-05-30 17:45:27 [32mINFO [0;39m restartedMain] [org.apache.catalina.core.StandardEngine] [36mStarting Servlet engine: [Apache Tomcat/10.1.20][0;39m
[2024-05-30 17:45:27 [32mINFO [0;39m restartedMain] [org.apache.catalina.core.ContainerBase.[Tomcat].[localhost].[/]] [36mInitializing Spring embedded WebApplicationContext[0;39m
[2024-05-30 17:45:27 [32mINFO [0;39m restartedMain] [org.springframework.boot.web.servlet.context.ServletWebServerApplicationContext] [36mRoot WebApplicationContext: initialization completed in 1112 ms[0;39m
[2024-05-30 17:45:28 [32mINFO [0;39m restartedMain] [org.springframework.boot.devtools.autoconfigure.OptionalLiveReloadServer] [36mLiveReload server is running on port 35729[0;39m
[2024-05-30 17:45:28 [32mINFO [0;39m restartedMain] [org.springframework.boot.actuate.endpoint.web.EndpointLinksResolver] [36mExposing 1 endpoint(s) beneath base path '/actuator'[0;39m
[2024-05-30 17:45:28 [32mINFO [0;39m restartedMain] [org.apache.coyote.http11.Http11NioProtocol] [36mStarting ProtocolHandler ["http-nio-8080"][0;39m
[2024-05-30 17:45:28 [32mINFO [0;39m restartedMain] [org.springframework.boot.web.embedded.tomcat.TomcatWebServer] [36mTomcat started on port 8080 (http) with context path ''[0;39m
[2024-05-30 17:45:28 [32mINFO [0;39m restartedMain] [com.green.todo.TodoApplication] [36mStarted TodoApplication in 2.154 seconds (process running for 2.513)[0;39m
[2024-05-30 17:45:28 [32mINFO [0;39m RMI TCP Connection(2)-192.168.0.207] [org.apache.catalina.core.ContainerBase.[Tomcat].[localhost].[/]] [36mInitializing Spring DispatcherServlet 'dispatcherServlet'[0;39m
[2024-05-30 17:45:28 [32mINFO [0;39m RMI TCP Connection(2)-192.168.0.207] [org.springframework.web.servlet.DispatcherServlet] [36mInitializing Servlet 'dispatcherServlet'[0;39m
[2024-05-30 17:45:28 [32mINFO [0;39m RMI TCP Connection(2)-192.168.0.207] [org.springframework.web.servlet.DispatcherServlet] [36mCompleted initialization in 1 ms[0;39m
[2024-05-30 17:45:28 [32mINFO [0;39m RMI TCP Connection(1)-192.168.0.207] [com.zaxxer.hikari.HikariDataSource] [36mHikariPool-1 - Starting...[0;39m
[2024-05-30 17:45:28 [32mINFO [0;39m RMI TCP Connection(1)-192.168.0.207] [com.zaxxer.hikari.pool.HikariPool] [36mHikariPool-1 - Added connection net.sf.log4jdbc.sql.jdbcapi.ConnectionSpy@187da8de[0;39m
[2024-05-30 17:45:28 [32mINFO [0;39m RMI TCP Connection(1)-192.168.0.207] [com.zaxxer.hikari.HikariDataSource] [36mHikariPool-1 - Start completed.[0;39m
[2024-05-30 17:45:32 [32mINFO [0;39m http-nio-8080-exec-8] [org.springdoc.api.AbstractOpenApiResource] [36mInit duration for springdoc-openapi is: 194 ms[0;39m
[2024-05-30 17:45:43 [32mDEBUG[0;39m http-nio-8080-exec-10] [jdbc.sqltiming] [36m com.zaxxer.hikari.pool.ProxyPreparedStatement.execute(ProxyPreparedStatement.java:44)
1. SELECT tag_id AS tagId, title, color
            , created_at AS createdAt, updated_at AS updatedAt
        FROM tag
        WHERE title = '프로젝트'
 {executed in 1 msec}[0;39m
[2024-05-30 17:45:43 [32mINFO [0;39m http-nio-8080-exec-10] [jdbc.resultsettable] [36m
|-------|------|------|-----------|-----------|
|tag_id |title |color |created_at |updated_at |
|-------|------|------|-----------|-----------|
|-------|------|------|-----------|-----------|
[0;39m
[2024-05-30 17:45:43 [33mWARN [0;39m http-nio-8080-exec-10] [org.mariadb.jdbc.message.server.ErrorPacket] [36mError: 1364-HY000: Field 'calendar_id' doesn't have a default value[0;39m
[2024-05-30 17:45:43 [31mERROR[0;39m http-nio-8080-exec-10] [jdbc.sqltiming] [36m com.zaxxer.hikari.pool.ProxyPreparedStatement.execute(ProxyPreparedStatement.java:44)
1. INSERT INTO tag
        SET title = '프로젝트'
            , color = 1
 {FAILED after 1 msec}[0;39m
java.sql.SQLException: (conn=35) Field 'calendar_id' doesn't have a default value
	at org.mariadb.jdbc.export.ExceptionFactory.createException(ExceptionFactory.java:306)
	at org.mariadb.jdbc.export.ExceptionFactory.create(ExceptionFactory.java:378)
	at org.mariadb.jdbc.message.ClientMessage.readPacket(ClientMessage.java:172)
	at org.mariadb.jdbc.client.impl.StandardClient.readPacket(StandardClient.java:915)
	at org.mariadb.jdbc.client.impl.StandardClient.readResults(StandardClient.java:854)
	at org.mariadb.jdbc.client.impl.StandardClient.readResponse(StandardClient.java:773)
	at org.mariadb.jdbc.client.impl.StandardClient.execute(StandardClient.java:697)
	at org.mariadb.jdbc.ClientPreparedStatement.executeInternal(ClientPreparedStatement.java:93)
	at org.mariadb.jdbc.ClientPreparedStatement.execute(ClientPreparedStatement.java:276)
	at net.sf.log4jdbc.sql.jdbcapi.PreparedStatementSpy.execute(PreparedStatementSpy.java:443)
	at com.zaxxer.hikari.pool.ProxyPreparedStatement.execute(ProxyPreparedStatement.java:44)
	at com.zaxxer.hikari.pool.HikariProxyPreparedStatement.execute(HikariProxyPreparedStatement.java)
	at org.apache.ibatis.executor.statement.PreparedStatementHandler.update(PreparedStatementHandler.java:48)
	at org.apache.ibatis.executor.statement.RoutingStatementHandler.update(RoutingStatementHandler.java:75)
	at org.apache.ibatis.executor.SimpleExecutor.doUpdate(SimpleExecutor.java:50)
	at org.apache.ibatis.executor.BaseExecutor.update(BaseExecutor.java:117)
	at org.apache.ibatis.executor.CachingExecutor.update(CachingExecutor.java:76)
	at org.apache.ibatis.session.defaults.DefaultSqlSession.update(DefaultSqlSession.java:197)
	at org.apache.ibatis.session.defaults.DefaultSqlSession.insert(DefaultSqlSession.java:184)
	at java.base/jdk.internal.reflect.NativeMethodAccessorImpl.invoke0(Native Method)
	at java.base/jdk.internal.reflect.NativeMethodAccessorImpl.invoke(NativeMethodAccessorImpl.java:77)
	at java.base/jdk.internal.reflect.DelegatingMethodAccessorImpl.invoke(DelegatingMethodAccessorImpl.java:43)
	at java.base/java.lang.reflect.Method.invoke(Method.java:568)
	at org.mybatis.spring.SqlSessionTemplate$SqlSessionInterceptor.invoke(SqlSessionTemplate.java:425)
	at jdk.proxy2/jdk.proxy2.$Proxy98.insert(Unknown Source)
	at org.mybatis.spring.SqlSessionTemplate.insert(SqlSessionTemplate.java:272)
	at org.apache.ibatis.binding.MapperMethod.execute(MapperMethod.java:62)
	at org.apache.ibatis.binding.MapperProxy$PlainMethodInvoker.invoke(MapperProxy.java:141)
	at org.apache.ibatis.binding.MapperProxy.invoke(MapperProxy.java:86)
	at jdk.proxy3/jdk.proxy3.$Proxy102.insertTag(Unknown Source)
	at com.green.todo.tag.TagService.tagPost(TagService.java:23)
	at com.green.todo.tag.TagController.tagPost(TagController.java:40)
	at java.base/jdk.internal.reflect.NativeMethodAccessorImpl.invoke0(Native Method)
	at java.base/jdk.internal.reflect.NativeMethodAccessorImpl.invoke(NativeMethodAccessorImpl.java:77)
	at java.base/jdk.internal.reflect.DelegatingMethodAccessorImpl.invoke(DelegatingMethodAccessorImpl.java:43)
	at java.base/java.lang.reflect.Method.invoke(Method.java:568)
	at org.springframework.web.method.support.InvocableHandlerMethod.doInvoke(InvocableHandlerMethod.java:255)
	at org.springframework.web.method.support.InvocableHandlerMethod.invokeForRequest(InvocableHandlerMethod.java:188)
	at org.springframework.web.servlet.mvc.method.annotation.ServletInvocableHandlerMethod.invokeAndHandle(ServletInvocableHandlerMethod.java:118)
	at org.springframework.web.servlet.mvc.method.annotation.RequestMappingHandlerAdapter.invokeHandlerMethod(RequestMappingHandlerAdapter.java:926)
	at org.springframework.web.servlet.mvc.method.annotation.RequestMappingHandlerAdapter.handleInternal(RequestMappingHandlerAdapter.java:831)
	at org.springframework.web.servlet.mvc.method.AbstractHandlerMethodAdapter.handle(AbstractHandlerMethodAdapter.java:87)
	at org.springframework.web.servlet.DispatcherServlet.doDispatch(DispatcherServlet.java:1089)
	at org.springframework.web.servlet.DispatcherServlet.doService(DispatcherServlet.java:979)
	at org.springframework.web.servlet.FrameworkServlet.processRequest(FrameworkServlet.java:1014)
	at org.springframework.web.servlet.FrameworkServlet.doPost(FrameworkServlet.java:914)
	at jakarta.servlet.http.HttpServlet.service(HttpServlet.java:590)
	at org.springframework.web.servlet.FrameworkServlet.service(FrameworkServlet.java:885)
	at jakarta.servlet.http.HttpServlet.service(HttpServlet.java:658)
	at org.apache.catalina.core.ApplicationFilterChain.internalDoFilter(ApplicationFilterChain.java:206)
	at org.apache.catalina.core.ApplicationFilterChain.doFilter(ApplicationFilterChain.java:150)
	at org.apache.tomcat.websocket.server.WsFilter.doFilter(WsFilter.java:51)
	at org.apache.catalina.core.ApplicationFilterChain.internalDoFilter(ApplicationFilterChain.java:175)
	at org.apache.catalina.core.ApplicationFilterChain.doFilter(ApplicationFilterChain.java:150)
	at org.springframework.web.filter.RequestContextFilter.doFilterInternal(RequestContextFilter.java:100)
	at org.springframework.web.filter.OncePerRequestFilter.doFilter(OncePerRequestFilter.java:116)
	at org.apache.catalina.core.ApplicationFilterChain.internalDoFilter(ApplicationFilterChain.java:175)
	at org.apache.catalina.core.ApplicationFilterChain.doFilter(ApplicationFilterChain.java:150)
	at org.springframework.web.filter.FormContentFilter.doFilterInternal(FormContentFilter.java:93)
	at org.springframework.web.filter.OncePerRequestFilter.doFilter(OncePerRequestFilter.java:116)
	at org.apache.catalina.core.ApplicationFilterChain.internalDoFilter(ApplicationFilterChain.java:175)
	at org.apache.catalina.core.ApplicationFilterChain.doFilter(ApplicationFilterChain.java:150)
	at org.springframework.web.filter.ServerHttpObservationFilter.doFilterInternal(ServerHttpObservationFilter.java:109)
	at org.springframework.web.filter.OncePerRequestFilter.doFilter(OncePerRequestFilter.java:116)
	at org.apache.catalina.core.ApplicationFilterChain.internalDoFilter(ApplicationFilterChain.java:175)
	at org.apache.catalina.core.ApplicationFilterChain.doFilter(ApplicationFilterChain.java:150)
	at org.springframework.web.filter.CharacterEncodingFilter.doFilterInternal(CharacterEncodingFilter.java:201)
	at org.springframework.web.filter.OncePerRequestFilter.doFilter(OncePerRequestFilter.java:116)
	at org.apache.catalina.core.ApplicationFilterChain.internalDoFilter(ApplicationFilterChain.java:175)
	at org.apache.catalina.core.ApplicationFilterChain.doFilter(ApplicationFilterChain.java:150)
	at org.apache.catalina.core.StandardWrapperValve.invoke(StandardWrapperValve.java:167)
	at org.apache.catalina.core.StandardContextValve.invoke(StandardContextValve.java:90)
	at org.apache.catalina.authenticator.AuthenticatorBase.invoke(AuthenticatorBase.java:482)
	at org.apache.catalina.core.StandardHostValve.invoke(StandardHostValve.java:115)
	at org.apache.catalina.valves.ErrorReportValve.invoke(ErrorReportValve.java:93)
	at org.apache.catalina.core.StandardEngineValve.invoke(StandardEngineValve.java:74)
	at org.apache.catalina.connector.CoyoteAdapter.service(CoyoteAdapter.java:344)
	at org.apache.coyote.http11.Http11Processor.service(Http11Processor.java:391)
	at org.apache.coyote.AbstractProcessorLight.process(AbstractProcessorLight.java:63)
	at org.apache.coyote.AbstractProtocol$ConnectionHandler.process(AbstractProtocol.java:896)
	at org.apache.tomcat.util.net.NioEndpoint$SocketProcessor.doRun(NioEndpoint.java:1736)
	at org.apache.tomcat.util.net.SocketProcessorBase.run(SocketProcessorBase.java:52)
	at org.apache.tomcat.util.threads.ThreadPoolExecutor.runWorker(ThreadPoolExecutor.java:1191)
	at org.apache.tomcat.util.threads.ThreadPoolExecutor$Worker.run(ThreadPoolExecutor.java:659)
	at org.apache.tomcat.util.threads.TaskThread$WrappingRunnable.run(TaskThread.java:63)
	at java.base/java.lang.Thread.run(Thread.java:840)
[2024-05-30 17:47:48 [32mINFO [0;39m File Watcher] [org.springframework.boot.devtools.autoconfigure.LocalDevToolsAutoConfiguration$RestartingClassPathChangeChangedEventListener] [36mRestarting due to 10 class path changes (0 additions, 0 deletions, 10 modifications)[0;39m
[2024-05-30 17:47:48 [32mINFO [0;39m Thread-5] [org.apache.coyote.http11.Http11NioProtocol] [36mStopping ProtocolHandler ["http-nio-8080"][0;39m
[2024-05-30 17:47:48 [32mINFO [0;39m Thread-5] [com.zaxxer.hikari.HikariDataSource] [36mHikariPool-1 - Shutdown initiated...[0;39m
[2024-05-30 17:47:48 [32mINFO [0;39m Thread-5] [com.zaxxer.hikari.HikariDataSource] [36mHikariPool-1 - Shutdown completed.[0;39m
[2024-05-30 17:47:48 [32mINFO [0;39m restartedMain] [com.green.todo.TodoApplication] [36mStarting TodoApplication using Java 17.0.10 with PID 12076 (D:\Students\MJ\backEnd\todo\build\classes\java\main started by Administrator in D:\Students\MJ\backEnd\todo)[0;39m
[2024-05-30 17:47:48 [32mINFO [0;39m restartedMain] [com.green.todo.TodoApplication] [36mNo active profile set, falling back to 1 default profile: "default"[0;39m
[2024-05-30 17:47:49 [32mINFO [0;39m restartedMain] [org.springframework.boot.web.embedded.tomcat.TomcatWebServer] [36mTomcat initialized with port 8080 (http)[0;39m
[2024-05-30 17:47:49 [32mINFO [0;39m restartedMain] [org.apache.coyote.http11.Http11NioProtocol] [36mInitializing ProtocolHandler ["http-nio-8080"][0;39m
[2024-05-30 17:47:49 [32mINFO [0;39m restartedMain] [org.apache.catalina.core.StandardService] [36mStarting service [Tomcat][0;39m
[2024-05-30 17:47:49 [32mINFO [0;39m restartedMain] [org.apache.catalina.core.StandardEngine] [36mStarting Servlet engine: [Apache Tomcat/10.1.20][0;39m
[2024-05-30 17:47:49 [32mINFO [0;39m restartedMain] [org.apache.catalina.core.ContainerBase.[Tomcat].[localhost].[/]] [36mInitializing Spring embedded WebApplicationContext[0;39m
[2024-05-30 17:47:49 [32mINFO [0;39m restartedMain] [org.springframework.boot.web.servlet.context.ServletWebServerApplicationContext] [36mRoot WebApplicationContext: initialization completed in 284 ms[0;39m
[2024-05-30 17:47:49 [32mINFO [0;39m restartedMain] [org.springframework.boot.devtools.autoconfigure.OptionalLiveReloadServer] [36mLiveReload server is running on port 35729[0;39m
[2024-05-30 17:47:49 [32mINFO [0;39m restartedMain] [org.springframework.boot.actuate.endpoint.web.EndpointLinksResolver] [36mExposing 1 endpoint(s) beneath base path '/actuator'[0;39m
[2024-05-30 17:47:49 [32mINFO [0;39m restartedMain] [org.apache.coyote.http11.Http11NioProtocol] [36mStarting ProtocolHandler ["http-nio-8080"][0;39m
[2024-05-30 17:47:49 [32mINFO [0;39m restartedMain] [org.springframework.boot.web.embedded.tomcat.TomcatWebServer] [36mTomcat started on port 8080 (http) with context path ''[0;39m
[2024-05-30 17:47:49 [32mINFO [0;39m restartedMain] [com.green.todo.TodoApplication] [36mStarted TodoApplication in 0.499 seconds (process running for 143.293)[0;39m
[2024-05-30 17:47:49 [32mINFO [0;39m restartedMain] [org.springframework.boot.devtools.autoconfigure.ConditionEvaluationDeltaLoggingListener] [36mCondition evaluation unchanged[0;39m
[2024-05-30 17:48:22 [32mINFO [0;39m restartedMain] [com.green.todo.TodoApplication] [36mStarting TodoApplication using Java 17.0.10 with PID 5420 (D:\Students\MJ\backEnd\todo\build\classes\java\main started by Administrator in D:\Students\MJ\backEnd\todo)[0;39m
[2024-05-30 17:48:22 [32mINFO [0;39m restartedMain] [com.green.todo.TodoApplication] [36mNo active profile set, falling back to 1 default profile: "default"[0;39m
[2024-05-30 17:48:22 [32mINFO [0;39m restartedMain] [org.springframework.boot.devtools.env.DevToolsPropertyDefaultsPostProcessor] [36mDevtools property defaults active! Set 'spring.devtools.add-properties' to 'false' to disable[0;39m
[2024-05-30 17:48:22 [32mINFO [0;39m restartedMain] [org.springframework.boot.devtools.env.DevToolsPropertyDefaultsPostProcessor] [36mFor additional web related logging consider setting the 'logging.level.web' property to 'DEBUG'[0;39m
[2024-05-30 17:48:23 [32mINFO [0;39m restartedMain] [org.springframework.boot.web.embedded.tomcat.TomcatWebServer] [36mTomcat initialized with port 8080 (http)[0;39m
[2024-05-30 17:48:23 [32mINFO [0;39m restartedMain] [org.apache.coyote.http11.Http11NioProtocol] [36mInitializing ProtocolHandler ["http-nio-8080"][0;39m
[2024-05-30 17:48:23 [32mINFO [0;39m restartedMain] [org.apache.catalina.core.StandardService] [36mStarting service [Tomcat][0;39m
[2024-05-30 17:48:23 [32mINFO [0;39m restartedMain] [org.apache.catalina.core.StandardEngine] [36mStarting Servlet engine: [Apache Tomcat/10.1.20][0;39m
[2024-05-30 17:48:23 [32mINFO [0;39m restartedMain] [org.apache.catalina.core.ContainerBase.[Tomcat].[localhost].[/]] [36mInitializing Spring embedded WebApplicationContext[0;39m
[2024-05-30 17:48:23 [32mINFO [0;39m restartedMain] [org.springframework.boot.web.servlet.context.ServletWebServerApplicationContext] [36mRoot WebApplicationContext: initialization completed in 1106 ms[0;39m
[2024-05-30 17:48:23 [32mINFO [0;39m restartedMain] [org.springframework.boot.devtools.autoconfigure.OptionalLiveReloadServer] [36mLiveReload server is running on port 35729[0;39m
[2024-05-30 17:48:23 [32mINFO [0;39m restartedMain] [org.springframework.boot.actuate.endpoint.web.EndpointLinksResolver] [36mExposing 1 endpoint(s) beneath base path '/actuator'[0;39m
[2024-05-30 17:48:23 [32mINFO [0;39m restartedMain] [org.apache.coyote.http11.Http11NioProtocol] [36mStarting ProtocolHandler ["http-nio-8080"][0;39m
[2024-05-30 17:48:23 [32mINFO [0;39m restartedMain] [org.springframework.boot.web.embedded.tomcat.TomcatWebServer] [36mTomcat started on port 8080 (http) with context path ''[0;39m
[2024-05-30 17:48:23 [32mINFO [0;39m restartedMain] [com.green.todo.TodoApplication] [36mStarted TodoApplication in 2.162 seconds (process running for 2.515)[0;39m
[2024-05-30 17:48:24 [32mINFO [0;39m RMI TCP Connection(1)-192.168.0.207] [org.apache.catalina.core.ContainerBase.[Tomcat].[localhost].[/]] [36mInitializing Spring DispatcherServlet 'dispatcherServlet'[0;39m
[2024-05-30 17:48:24 [32mINFO [0;39m RMI TCP Connection(1)-192.168.0.207] [org.springframework.web.servlet.DispatcherServlet] [36mInitializing Servlet 'dispatcherServlet'[0;39m
[2024-05-30 17:48:24 [32mINFO [0;39m RMI TCP Connection(2)-192.168.0.207] [com.zaxxer.hikari.HikariDataSource] [36mHikariPool-1 - Starting...[0;39m
[2024-05-30 17:48:24 [32mINFO [0;39m RMI TCP Connection(1)-192.168.0.207] [org.springframework.web.servlet.DispatcherServlet] [36mCompleted initialization in 1 ms[0;39m
[2024-05-30 17:48:24 [32mINFO [0;39m RMI TCP Connection(2)-192.168.0.207] [com.zaxxer.hikari.pool.HikariPool] [36mHikariPool-1 - Added connection net.sf.log4jdbc.sql.jdbcapi.ConnectionSpy@5a23ee98[0;39m
[2024-05-30 17:48:24 [32mINFO [0;39m RMI TCP Connection(2)-192.168.0.207] [com.zaxxer.hikari.HikariDataSource] [36mHikariPool-1 - Start completed.[0;39m
[2024-05-30 17:48:24 [32mINFO [0;39m http-nio-8080-exec-9] [org.springdoc.api.AbstractOpenApiResource] [36mInit duration for springdoc-openapi is: 201 ms[0;39m
[2024-05-30 17:48:30 [32mDEBUG[0;39m http-nio-8080-exec-5] [jdbc.sqltiming] [36m com.zaxxer.hikari.pool.ProxyPreparedStatement.execute(ProxyPreparedStatement.java:44)
1. SELECT tag_id AS tagId, calendar_id AS calendarId, title, color
            , created_at AS createdAt, updated_at AS updatedAt
        FROM tag
        WHERE title = '프로젝트'
 {executed in 1 msec}[0;39m
[2024-05-30 17:48:30 [32mINFO [0;39m http-nio-8080-exec-5] [jdbc.resultsettable] [36m
|-------|------------|------|------|-----------|-----------|
|tag_id |calendar_id |title |color |created_at |updated_at |
|-------|------------|------|------|-----------|-----------|
|-------|------------|------|------|-----------|-----------|
[0;39m
[2024-05-30 17:48:30 [32mDEBUG[0;39m http-nio-8080-exec-5] [jdbc.sqltiming] [36m com.zaxxer.hikari.pool.ProxyPreparedStatement.execute(ProxyPreparedStatement.java:44)
1. INSERT INTO tag
        SET calendar_id = '1'
            , title = '프로젝트'
            , color = 1
 {executed in 3 msec}[0;39m
[2024-05-30 17:48:30 [32mDEBUG[0;39m http-nio-8080-exec-5] [jdbc.sqltiming] [36m com.zaxxer.hikari.pool.ProxyStatement.getGeneratedKeys(ProxyStatement.java:229)
1. getGeneratedKeys on query: INSERT INTO tag
        SET calendar_id = '1'
            , title = '프로젝트'
            , color = 1
 {executed in 0 msec}[0;39m
[2024-05-30 17:48:30 [32mINFO [0;39m http-nio-8080-exec-5] [jdbc.resultsettable] [36m
|----------|
|insert_id |
|----------|
|2         |
|----------|
[0;39m
[2024-05-30 17:48:58 [32mDEBUG[0;39m http-nio-8080-exec-3] [jdbc.sqltiming] [36m com.zaxxer.hikari.pool.ProxyPreparedStatement.execute(ProxyPreparedStatement.java:44)
1. SELECT tag_id AS tagId, calendar_id AS calendarId, title, color
            , created_at AS createdAt, updated_at AS updatedAt
        FROM tag
        WHERE title = '프로젝트'
 {executed in 0 msec}[0;39m
[2024-05-30 17:48:58 [32mINFO [0;39m http-nio-8080-exec-3] [jdbc.resultsettable] [36m
|-------|------------|------|------|--------------------|-----------|
|tag_id |calendar_id |title |color |created_at          |updated_at |
|-------|------------|------|------|--------------------|-----------|
|2      |1           |프로젝트  |1     |2024-05-30 17:48:30 |null       |
|-------|------------|------|------|--------------------|-----------|
[0;39m
[2024-05-30 17:51:20 [32mINFO [0;39m SpringApplicationShutdownHook] [com.zaxxer.hikari.HikariDataSource] [36mHikariPool-1 - Shutdown initiated...[0;39m
[2024-05-30 17:51:20 [32mINFO [0;39m SpringApplicationShutdownHook] [com.zaxxer.hikari.HikariDataSource] [36mHikariPool-1 - Shutdown completed.[0;39m
[2024-05-30 17:51:22 [32mINFO [0;39m restartedMain] [com.green.todo.TodoApplication] [36mStarting TodoApplication using Java 17.0.10 with PID 7004 (D:\Students\MJ\backEnd\todo\build\classes\java\main started by Administrator in D:\Students\MJ\backEnd\todo)[0;39m
[2024-05-30 17:51:22 [32mINFO [0;39m restartedMain] [com.green.todo.TodoApplication] [36mNo active profile set, falling back to 1 default profile: "default"[0;39m
[2024-05-30 17:51:22 [32mINFO [0;39m restartedMain] [org.springframework.boot.devtools.env.DevToolsPropertyDefaultsPostProcessor] [36mDevtools property defaults active! Set 'spring.devtools.add-properties' to 'false' to disable[0;39m
[2024-05-30 17:51:22 [32mINFO [0;39m restartedMain] [org.springframework.boot.devtools.env.DevToolsPropertyDefaultsPostProcessor] [36mFor additional web related logging consider setting the 'logging.level.web' property to 'DEBUG'[0;39m
[2024-05-30 17:51:23 [32mINFO [0;39m restartedMain] [org.springframework.boot.web.embedded.tomcat.TomcatWebServer] [36mTomcat initialized with port 8080 (http)[0;39m
[2024-05-30 17:51:23 [32mINFO [0;39m restartedMain] [org.apache.coyote.http11.Http11NioProtocol] [36mInitializing ProtocolHandler ["http-nio-8080"][0;39m
[2024-05-30 17:51:23 [32mINFO [0;39m restartedMain] [org.apache.catalina.core.StandardService] [36mStarting service [Tomcat][0;39m
[2024-05-30 17:51:23 [32mINFO [0;39m restartedMain] [org.apache.catalina.core.StandardEngine] [36mStarting Servlet engine: [Apache Tomcat/10.1.20][0;39m
[2024-05-30 17:51:23 [32mINFO [0;39m restartedMain] [org.apache.catalina.core.ContainerBase.[Tomcat].[localhost].[/]] [36mInitializing Spring embedded WebApplicationContext[0;39m
[2024-05-30 17:51:23 [32mINFO [0;39m restartedMain] [org.springframework.boot.web.servlet.context.ServletWebServerApplicationContext] [36mRoot WebApplicationContext: initialization completed in 994 ms[0;39m
[2024-05-30 17:51:24 [32mINFO [0;39m restartedMain] [org.springframework.boot.devtools.autoconfigure.OptionalLiveReloadServer] [36mLiveReload server is running on port 35729[0;39m
[2024-05-30 17:51:24 [32mINFO [0;39m restartedMain] [org.springframework.boot.actuate.endpoint.web.EndpointLinksResolver] [36mExposing 1 endpoint(s) beneath base path '/actuator'[0;39m
[2024-05-30 17:51:24 [32mINFO [0;39m restartedMain] [org.apache.coyote.http11.Http11NioProtocol] [36mStarting ProtocolHandler ["http-nio-8080"][0;39m
[2024-05-30 17:51:24 [32mINFO [0;39m restartedMain] [org.springframework.boot.web.embedded.tomcat.TomcatWebServer] [36mTomcat started on port 8080 (http) with context path ''[0;39m
[2024-05-30 17:51:24 [32mINFO [0;39m restartedMain] [com.green.todo.TodoApplication] [36mStarted TodoApplication in 2.185 seconds (process running for 2.535)[0;39m
[2024-05-30 17:51:24 [32mINFO [0;39m RMI TCP Connection(1)-192.168.0.207] [org.apache.catalina.core.ContainerBase.[Tomcat].[localhost].[/]] [36mInitializing Spring DispatcherServlet 'dispatcherServlet'[0;39m
[2024-05-30 17:51:24 [32mINFO [0;39m RMI TCP Connection(1)-192.168.0.207] [org.springframework.web.servlet.DispatcherServlet] [36mInitializing Servlet 'dispatcherServlet'[0;39m
[2024-05-30 17:51:24 [32mINFO [0;39m RMI TCP Connection(2)-192.168.0.207] [com.zaxxer.hikari.HikariDataSource] [36mHikariPool-1 - Starting...[0;39m
[2024-05-30 17:51:24 [32mINFO [0;39m RMI TCP Connection(1)-192.168.0.207] [org.springframework.web.servlet.DispatcherServlet] [36mCompleted initialization in 2 ms[0;39m
[2024-05-30 17:51:24 [32mINFO [0;39m RMI TCP Connection(2)-192.168.0.207] [com.zaxxer.hikari.pool.HikariPool] [36mHikariPool-1 - Added connection net.sf.log4jdbc.sql.jdbcapi.ConnectionSpy@5564ce32[0;39m
[2024-05-30 17:51:24 [32mINFO [0;39m RMI TCP Connection(2)-192.168.0.207] [com.zaxxer.hikari.HikariDataSource] [36mHikariPool-1 - Start completed.[0;39m
[2024-05-30 17:51:27 [32mDEBUG[0;39m http-nio-8080-exec-1] [jdbc.sqltiming] [36m com.zaxxer.hikari.pool.ProxyPreparedStatement.execute(ProxyPreparedStatement.java:44)
1. SELECT tag_id AS tagId, calendar_id AS calendarId, title, color
            , created_at AS createdAt, updated_at AS updatedAt
        FROM tag
        WHERE title = '프로젝트'
 {executed in 1 msec}[0;39m
[2024-05-30 17:51:27 [32mINFO [0;39m http-nio-8080-exec-1] [jdbc.resultsettable] [36m
|-------|------------|------|------|--------------------|-----------|
|tag_id |calendar_id |title |color |created_at          |updated_at |
|-------|------------|------|------|--------------------|-----------|
|2      |1           |프로젝트  |1     |2024-05-30 17:48:30 |null       |
|-------|------------|------|------|--------------------|-----------|
[0;39m
[2024-05-30 17:51:27 [32mDEBUG[0;39m http-nio-8080-exec-1] [jdbc.sqltiming] [36m com.zaxxer.hikari.pool.ProxyPreparedStatement.execute(ProxyPreparedStatement.java:44)
1. UPDATE tag
         SET title = '프로젝트'

                , color = 1 
        WHERE tag_id = 2
 {executed in 0 msec}[0;39m
[2024-05-30 17:51:44 [32mDEBUG[0;39m http-nio-8080-exec-4] [jdbc.sqltiming] [36m com.zaxxer.hikari.pool.ProxyPreparedStatement.execute(ProxyPreparedStatement.java:44)
1. SELECT tag_id AS tagId, calendar_id AS calendarId, title, color
            , created_at AS createdAt, updated_at AS updatedAt
        FROM tag
        WHERE title = '프로젝트'
 {executed in 0 msec}[0;39m
[2024-05-30 17:51:44 [32mINFO [0;39m http-nio-8080-exec-4] [jdbc.resultsettable] [36m
|-------|------------|------|------|--------------------|-----------|
|tag_id |calendar_id |title |color |created_at          |updated_at |
|-------|------------|------|------|--------------------|-----------|
|2      |1           |프로젝트  |1     |2024-05-30 17:48:30 |null       |
|-------|------------|------|------|--------------------|-----------|
[0;39m
[2024-05-30 17:51:44 [32mDEBUG[0;39m http-nio-8080-exec-4] [jdbc.sqltiming] [36m com.zaxxer.hikari.pool.ProxyPreparedStatement.execute(ProxyPreparedStatement.java:44)
1. UPDATE tag
         SET title = '프로젝트'

                , color = 2 
        WHERE tag_id = 2
 {executed in 6 msec}[0;39m
[2024-05-30 17:51:57 [32mDEBUG[0;39m http-nio-8080-exec-7] [jdbc.sqltiming] [36m com.zaxxer.hikari.pool.ProxyPreparedStatement.execute(ProxyPreparedStatement.java:44)
1. SELECT tag_id AS tagId, calendar_id AS calendarId, title, color
            , created_at AS createdAt, updated_at AS updatedAt
        FROM tag
        WHERE title = '태그'
 {executed in 1 msec}[0;39m
[2024-05-30 17:51:57 [32mINFO [0;39m http-nio-8080-exec-7] [jdbc.resultsettable] [36m
|-------|------------|------|------|-----------|-----------|
|tag_id |calendar_id |title |color |created_at |updated_at |
|-------|------------|------|------|-----------|-----------|
|-------|------------|------|------|-----------|-----------|
[0;39m
[2024-05-30 17:51:57 [32mDEBUG[0;39m http-nio-8080-exec-7] [jdbc.sqltiming] [36m com.zaxxer.hikari.pool.ProxyPreparedStatement.execute(ProxyPreparedStatement.java:44)
1. UPDATE tag
         SET title = '태그'

                , color = 2 
        WHERE tag_id = 2
 {executed in 1 msec}[0;39m
[2024-05-30 17:52:26 [32mINFO [0;39m SpringApplicationShutdownHook] [com.zaxxer.hikari.HikariDataSource] [36mHikariPool-1 - Shutdown initiated...[0;39m
[2024-05-30 17:52:26 [32mINFO [0;39m SpringApplicationShutdownHook] [com.zaxxer.hikari.HikariDataSource] [36mHikariPool-1 - Shutdown completed.[0;39m
[2024-05-30 17:52:28 [32mINFO [0;39m restartedMain] [com.green.todo.TodoApplication] [36mStarting TodoApplication using Java 17.0.10 with PID 5912 (D:\Students\MJ\backEnd\todo\build\classes\java\main started by Administrator in D:\Students\MJ\backEnd\todo)[0;39m
[2024-05-30 17:52:28 [32mINFO [0;39m restartedMain] [com.green.todo.TodoApplication] [36mNo active profile set, falling back to 1 default profile: "default"[0;39m
[2024-05-30 17:52:28 [32mINFO [0;39m restartedMain] [org.springframework.boot.devtools.env.DevToolsPropertyDefaultsPostProcessor] [36mDevtools property defaults active! Set 'spring.devtools.add-properties' to 'false' to disable[0;39m
[2024-05-30 17:52:28 [32mINFO [0;39m restartedMain] [org.springframework.boot.devtools.env.DevToolsPropertyDefaultsPostProcessor] [36mFor additional web related logging consider setting the 'logging.level.web' property to 'DEBUG'[0;39m
[2024-05-30 17:52:29 [32mINFO [0;39m restartedMain] [org.springframework.boot.web.embedded.tomcat.TomcatWebServer] [36mTomcat initialized with port 8080 (http)[0;39m
[2024-05-30 17:52:29 [32mINFO [0;39m restartedMain] [org.apache.coyote.http11.Http11NioProtocol] [36mInitializing ProtocolHandler ["http-nio-8080"][0;39m
[2024-05-30 17:52:29 [32mINFO [0;39m restartedMain] [org.apache.catalina.core.StandardService] [36mStarting service [Tomcat][0;39m
[2024-05-30 17:52:29 [32mINFO [0;39m restartedMain] [org.apache.catalina.core.StandardEngine] [36mStarting Servlet engine: [Apache Tomcat/10.1.20][0;39m
[2024-05-30 17:52:29 [32mINFO [0;39m restartedMain] [org.apache.catalina.core.ContainerBase.[Tomcat].[localhost].[/]] [36mInitializing Spring embedded WebApplicationContext[0;39m
[2024-05-30 17:52:29 [32mINFO [0;39m restartedMain] [org.springframework.boot.web.servlet.context.ServletWebServerApplicationContext] [36mRoot WebApplicationContext: initialization completed in 942 ms[0;39m
[2024-05-30 17:52:30 [32mINFO [0;39m restartedMain] [org.springframework.boot.devtools.autoconfigure.OptionalLiveReloadServer] [36mLiveReload server is running on port 35729[0;39m
[2024-05-30 17:52:30 [32mINFO [0;39m restartedMain] [org.springframework.boot.actuate.endpoint.web.EndpointLinksResolver] [36mExposing 1 endpoint(s) beneath base path '/actuator'[0;39m
[2024-05-30 17:52:30 [32mINFO [0;39m restartedMain] [org.apache.coyote.http11.Http11NioProtocol] [36mStarting ProtocolHandler ["http-nio-8080"][0;39m
[2024-05-30 17:52:30 [32mINFO [0;39m restartedMain] [org.springframework.boot.web.embedded.tomcat.TomcatWebServer] [36mTomcat started on port 8080 (http) with context path ''[0;39m
[2024-05-30 17:52:30 [32mINFO [0;39m restartedMain] [com.green.todo.TodoApplication] [36mStarted TodoApplication in 1.993 seconds (process running for 2.348)[0;39m
[2024-05-30 17:52:30 [32mINFO [0;39m RMI TCP Connection(1)-192.168.0.207] [com.zaxxer.hikari.HikariDataSource] [36mHikariPool-1 - Starting...[0;39m
[2024-05-30 17:52:30 [32mINFO [0;39m RMI TCP Connection(2)-192.168.0.207] [org.apache.catalina.core.ContainerBase.[Tomcat].[localhost].[/]] [36mInitializing Spring DispatcherServlet 'dispatcherServlet'[0;39m
[2024-05-30 17:52:30 [32mINFO [0;39m RMI TCP Connection(2)-192.168.0.207] [org.springframework.web.servlet.DispatcherServlet] [36mInitializing Servlet 'dispatcherServlet'[0;39m
[2024-05-30 17:52:30 [32mINFO [0;39m RMI TCP Connection(2)-192.168.0.207] [org.springframework.web.servlet.DispatcherServlet] [36mCompleted initialization in 1 ms[0;39m
[2024-05-30 17:52:30 [32mINFO [0;39m RMI TCP Connection(1)-192.168.0.207] [com.zaxxer.hikari.pool.HikariPool] [36mHikariPool-1 - Added connection net.sf.log4jdbc.sql.jdbcapi.ConnectionSpy@2e6c4ba9[0;39m
[2024-05-30 17:52:30 [32mINFO [0;39m RMI TCP Connection(1)-192.168.0.207] [com.zaxxer.hikari.HikariDataSource] [36mHikariPool-1 - Start completed.[0;39m
[2024-05-30 17:52:39 [32mINFO [0;39m http-nio-8080-exec-10] [org.springdoc.api.AbstractOpenApiResource] [36mInit duration for springdoc-openapi is: 203 ms[0;39m
[2024-05-30 17:52:51 [32mDEBUG[0;39m http-nio-8080-exec-2] [jdbc.sqltiming] [36m com.zaxxer.hikari.pool.ProxyPreparedStatement.execute(ProxyPreparedStatement.java:44)
1. DELETE FROM tag
        WHERE tag_id = 2
        AND (
            SELECT calendar_id
            FROM calendar_user
            WHERE user_id = 1
        )	= 1
 {executed in 3 msec}[0;39m
[2024-05-30 17:53:04 [32mDEBUG[0;39m http-nio-8080-exec-6] [jdbc.sqltiming] [36m com.zaxxer.hikari.pool.ProxyPreparedStatement.execute(ProxyPreparedStatement.java:44)
1. SELECT tag_id AS tagId, calendar_id AS calendarId, title, color
            , created_at AS createdAt, updated_at AS updatedAt
        FROM tag
        WHERE title = '프로젝트'
 {executed in 1 msec}[0;39m
[2024-05-30 17:53:04 [32mINFO [0;39m http-nio-8080-exec-6] [jdbc.resultsettable] [36m
|-------|------------|------|------|-----------|-----------|
|tag_id |calendar_id |title |color |created_at |updated_at |
|-------|------------|------|------|-----------|-----------|
|-------|------------|------|------|-----------|-----------|
[0;39m
[2024-05-30 17:53:04 [32mDEBUG[0;39m http-nio-8080-exec-6] [jdbc.sqltiming] [36m com.zaxxer.hikari.pool.ProxyPreparedStatement.execute(ProxyPreparedStatement.java:44)
1. INSERT INTO tag
        SET calendar_id = '1'
            , title = '프로젝트'
            , color = 1
 {executed in 7 msec}[0;39m
[2024-05-30 17:53:04 [32mDEBUG[0;39m http-nio-8080-exec-6] [jdbc.sqltiming] [36m com.zaxxer.hikari.pool.ProxyStatement.getGeneratedKeys(ProxyStatement.java:229)
1. getGeneratedKeys on query: INSERT INTO tag
        SET calendar_id = '1'
            , title = '프로젝트'
            , color = 1
 {executed in 0 msec}[0;39m
[2024-05-30 17:53:04 [32mINFO [0;39m http-nio-8080-exec-6] [jdbc.resultsettable] [36m
|----------|
|insert_id |
|----------|
|3         |
|----------|
[0;39m
[2024-05-30 17:53:13 [32mDEBUG[0;39m http-nio-8080-exec-7] [jdbc.sqltiming] [36m com.zaxxer.hikari.pool.ProxyPreparedStatement.execute(ProxyPreparedStatement.java:44)
1. DELETE FROM tag
        WHERE tag_id = 3
        AND (
            SELECT calendar_id
            FROM calendar_user
            WHERE user_id = 2
        )	= 1
 {executed in 1 msec}[0;39m
[2024-05-30 17:53:20 [32mDEBUG[0;39m http-nio-8080-exec-8] [jdbc.sqltiming] [36m com.zaxxer.hikari.pool.ProxyPreparedStatement.execute(ProxyPreparedStatement.java:44)
1. DELETE FROM tag
        WHERE tag_id = 3
        AND (
            SELECT calendar_id
            FROM calendar_user
            WHERE user_id = 1
        )	= 1
 {executed in 6 msec}[0;39m
[2024-05-30 17:53:57 [32mINFO [0;39m http-nio-8080-exec-3] [org.springdoc.api.AbstractOpenApiResource] [36mInit duration for springdoc-openapi is: 73 ms[0;39m
[2024-05-30 17:54:34 [32mINFO [0;39m SpringApplicationShutdownHook] [com.zaxxer.hikari.HikariDataSource] [36mHikariPool-1 - Shutdown initiated...[0;39m
[2024-05-30 17:54:34 [32mINFO [0;39m SpringApplicationShutdownHook] [com.zaxxer.hikari.HikariDataSource] [36mHikariPool-1 - Shutdown completed.[0;39m
[2024-05-30 17:54:36 [32mINFO [0;39m restartedMain] [com.green.todo.TodoApplication] [36mStarting TodoApplication using Java 17.0.10 with PID 4284 (D:\Students\MJ\backEnd\todo\build\classes\java\main started by Administrator in D:\Students\MJ\backEnd\todo)[0;39m
[2024-05-30 17:54:36 [32mINFO [0;39m restartedMain] [com.green.todo.TodoApplication] [36mNo active profile set, falling back to 1 default profile: "default"[0;39m
[2024-05-30 17:54:36 [32mINFO [0;39m restartedMain] [org.springframework.boot.devtools.env.DevToolsPropertyDefaultsPostProcessor] [36mDevtools property defaults active! Set 'spring.devtools.add-properties' to 'false' to disable[0;39m
[2024-05-30 17:54:36 [32mINFO [0;39m restartedMain] [org.springframework.boot.devtools.env.DevToolsPropertyDefaultsPostProcessor] [36mFor additional web related logging consider setting the 'logging.level.web' property to 'DEBUG'[0;39m
[2024-05-30 17:54:37 [32mINFO [0;39m restartedMain] [org.springframework.boot.web.embedded.tomcat.TomcatWebServer] [36mTomcat initialized with port 8080 (http)[0;39m
[2024-05-30 17:54:37 [32mINFO [0;39m restartedMain] [org.apache.coyote.http11.Http11NioProtocol] [36mInitializing ProtocolHandler ["http-nio-8080"][0;39m
[2024-05-30 17:54:37 [32mINFO [0;39m restartedMain] [org.apache.catalina.core.StandardService] [36mStarting service [Tomcat][0;39m
[2024-05-30 17:54:37 [32mINFO [0;39m restartedMain] [org.apache.catalina.core.StandardEngine] [36mStarting Servlet engine: [Apache Tomcat/10.1.20][0;39m
[2024-05-30 17:54:37 [32mINFO [0;39m restartedMain] [org.apache.catalina.core.ContainerBase.[Tomcat].[localhost].[/]] [36mInitializing Spring embedded WebApplicationContext[0;39m
[2024-05-30 17:54:37 [32mINFO [0;39m restartedMain] [org.springframework.boot.web.servlet.context.ServletWebServerApplicationContext] [36mRoot WebApplicationContext: initialization completed in 951 ms[0;39m
[2024-05-30 17:54:37 [32mINFO [0;39m restartedMain] [org.springframework.boot.devtools.autoconfigure.OptionalLiveReloadServer] [36mLiveReload server is running on port 35729[0;39m
[2024-05-30 17:54:37 [32mINFO [0;39m restartedMain] [org.springframework.boot.actuate.endpoint.web.EndpointLinksResolver] [36mExposing 1 endpoint(s) beneath base path '/actuator'[0;39m
[2024-05-30 17:54:37 [32mINFO [0;39m restartedMain] [org.apache.coyote.http11.Http11NioProtocol] [36mStarting ProtocolHandler ["http-nio-8080"][0;39m
[2024-05-30 17:54:37 [32mINFO [0;39m restartedMain] [org.springframework.boot.web.embedded.tomcat.TomcatWebServer] [36mTomcat started on port 8080 (http) with context path ''[0;39m
[2024-05-30 17:54:37 [32mINFO [0;39m restartedMain] [com.green.todo.TodoApplication] [36mStarted TodoApplication in 1.976 seconds (process running for 2.324)[0;39m
[2024-05-30 17:54:38 [32mINFO [0;39m RMI TCP Connection(1)-192.168.0.207] [com.zaxxer.hikari.HikariDataSource] [36mHikariPool-1 - Starting...[0;39m
[2024-05-30 17:54:38 [32mINFO [0;39m RMI TCP Connection(2)-192.168.0.207] [org.apache.catalina.core.ContainerBase.[Tomcat].[localhost].[/]] [36mInitializing Spring DispatcherServlet 'dispatcherServlet'[0;39m
[2024-05-30 17:54:38 [32mINFO [0;39m RMI TCP Connection(2)-192.168.0.207] [org.springframework.web.servlet.DispatcherServlet] [36mInitializing Servlet 'dispatcherServlet'[0;39m
[2024-05-30 17:54:38 [32mINFO [0;39m RMI TCP Connection(2)-192.168.0.207] [org.springframework.web.servlet.DispatcherServlet] [36mCompleted initialization in 1 ms[0;39m
[2024-05-30 17:54:38 [32mINFO [0;39m RMI TCP Connection(1)-192.168.0.207] [com.zaxxer.hikari.pool.HikariPool] [36mHikariPool-1 - Added connection net.sf.log4jdbc.sql.jdbcapi.ConnectionSpy@3a975b31[0;39m
[2024-05-30 17:54:38 [32mINFO [0;39m RMI TCP Connection(1)-192.168.0.207] [com.zaxxer.hikari.HikariDataSource] [36mHikariPool-1 - Start completed.[0;39m
[2024-05-30 17:54:42 [32mINFO [0;39m http-nio-8080-exec-9] [org.springdoc.api.AbstractOpenApiResource] [36mInit duration for springdoc-openapi is: 203 ms[0;39m
[2024-05-30 17:59:44 [32mINFO [0;39m File Watcher] [org.springframework.boot.devtools.autoconfigure.LocalDevToolsAutoConfiguration$RestartingClassPathChangeChangedEventListener] [36mRestarting due to 6 class path changes (0 additions, 0 deletions, 6 modifications)[0;39m
[2024-05-30 17:59:44 [32mINFO [0;39m Thread-5] [org.apache.coyote.http11.Http11NioProtocol] [36mStopping ProtocolHandler ["http-nio-8080"][0;39m
[2024-05-30 17:59:44 [32mINFO [0;39m Thread-5] [com.zaxxer.hikari.HikariDataSource] [36mHikariPool-1 - Shutdown initiated...[0;39m
[2024-05-30 17:59:44 [32mINFO [0;39m Thread-5] [com.zaxxer.hikari.HikariDataSource] [36mHikariPool-1 - Shutdown completed.[0;39m
[2024-05-30 17:59:44 [32mINFO [0;39m restartedMain] [com.green.todo.TodoApplication] [36mStarting TodoApplication using Java 17.0.10 with PID 4284 (D:\Students\MJ\backEnd\todo\build\classes\java\main started by Administrator in D:\Students\MJ\backEnd\todo)[0;39m
[2024-05-30 17:59:44 [32mINFO [0;39m restartedMain] [com.green.todo.TodoApplication] [36mNo active profile set, falling back to 1 default profile: "default"[0;39m
[2024-05-30 17:59:45 [32mINFO [0;39m restartedMain] [org.springframework.boot.web.embedded.tomcat.TomcatWebServer] [36mTomcat initialized with port 8080 (http)[0;39m
[2024-05-30 17:59:45 [32mINFO [0;39m restartedMain] [org.apache.coyote.http11.Http11NioProtocol] [36mInitializing ProtocolHandler ["http-nio-8080"][0;39m
[2024-05-30 17:59:45 [32mINFO [0;39m restartedMain] [org.apache.catalina.core.StandardService] [36mStarting service [Tomcat][0;39m
[2024-05-30 17:59:45 [32mINFO [0;39m restartedMain] [org.apache.catalina.core.StandardEngine] [36mStarting Servlet engine: [Apache Tomcat/10.1.20][0;39m
[2024-05-30 17:59:45 [32mINFO [0;39m restartedMain] [org.apache.catalina.core.ContainerBase.[Tomcat].[localhost].[/]] [36mInitializing Spring embedded WebApplicationContext[0;39m
[2024-05-30 17:59:45 [32mINFO [0;39m restartedMain] [org.springframework.boot.web.servlet.context.ServletWebServerApplicationContext] [36mRoot WebApplicationContext: initialization completed in 280 ms[0;39m
[2024-05-30 17:59:45 [32mINFO [0;39m restartedMain] [org.springframework.boot.devtools.autoconfigure.OptionalLiveReloadServer] [36mLiveReload server is running on port 35729[0;39m
[2024-05-30 17:59:45 [32mINFO [0;39m restartedMain] [org.springframework.boot.actuate.endpoint.web.EndpointLinksResolver] [36mExposing 1 endpoint(s) beneath base path '/actuator'[0;39m
[2024-05-30 17:59:45 [32mINFO [0;39m restartedMain] [org.apache.coyote.http11.Http11NioProtocol] [36mStarting ProtocolHandler ["http-nio-8080"][0;39m
[2024-05-30 17:59:45 [32mINFO [0;39m restartedMain] [org.springframework.boot.web.embedded.tomcat.TomcatWebServer] [36mTomcat started on port 8080 (http) with context path ''[0;39m
[2024-05-30 17:59:45 [32mINFO [0;39m restartedMain] [com.green.todo.TodoApplication] [36mStarted TodoApplication in 0.495 seconds (process running for 309.708)[0;39m
[2024-05-30 17:59:45 [32mINFO [0;39m restartedMain] [org.springframework.boot.devtools.autoconfigure.ConditionEvaluationDeltaLoggingListener] [36mCondition evaluation unchanged[0;39m
