[2024-06-04 09:20:38 [32mINFO [0;39m restartedMain] [com.green.todo.TodoApplication] [36mStarting TodoApplication using Java 17.0.10 with PID 9468 (C:\Users\Administrator\Desktop\todo-master\build\classes\java\main started by Administrator in C:\Users\Administrator\Desktop\todo-master)[0;39m
[2024-06-04 09:20:38 [32mINFO [0;39m restartedMain] [com.green.todo.TodoApplication] [36mNo active profile set, falling back to 1 default profile: "default"[0;39m
[2024-06-04 09:20:38 [32mINFO [0;39m restartedMain] [org.springframework.boot.devtools.env.DevToolsPropertyDefaultsPostProcessor] [36mDevtools property defaults active! Set 'spring.devtools.add-properties' to 'false' to disable[0;39m
[2024-06-04 09:20:38 [32mINFO [0;39m restartedMain] [org.springframework.boot.devtools.env.DevToolsPropertyDefaultsPostProcessor] [36mFor additional web related logging consider setting the 'logging.level.web' property to 'DEBUG'[0;39m
[2024-06-04 09:20:39 [32mINFO [0;39m restartedMain] [org.springframework.boot.web.embedded.tomcat.TomcatWebServer] [36mTomcat initialized with port 8080 (http)[0;39m
[2024-06-04 09:20:39 [32mINFO [0;39m restartedMain] [org.apache.coyote.http11.Http11NioProtocol] [36mInitializing ProtocolHandler ["http-nio-8080"][0;39m
[2024-06-04 09:20:39 [32mINFO [0;39m restartedMain] [org.apache.catalina.core.StandardService] [36mStarting service [Tomcat][0;39m
[2024-06-04 09:20:39 [32mINFO [0;39m restartedMain] [org.apache.catalina.core.StandardEngine] [36mStarting Servlet engine: [Apache Tomcat/10.1.20][0;39m
[2024-06-04 09:20:39 [32mINFO [0;39m restartedMain] [org.apache.catalina.core.ContainerBase.[Tomcat].[localhost].[/]] [36mInitializing Spring embedded WebApplicationContext[0;39m
[2024-06-04 09:20:39 [32mINFO [0;39m restartedMain] [org.springframework.boot.web.servlet.context.ServletWebServerApplicationContext] [36mRoot WebApplicationContext: initialization completed in 1218 ms[0;39m
[2024-06-04 09:20:40 [33mWARN [0;39m restartedMain] [org.springframework.boot.autoconfigure.thymeleaf.ThymeleafAutoConfiguration$DefaultTemplateResolverConfiguration] [36mCannot find template location: classpath:/templates/ (please add some templates, check your Thymeleaf configuration, or set spring.thymeleaf.check-template-location=false)[0;39m
[2024-06-04 09:20:40 [32mINFO [0;39m restartedMain] [org.springframework.boot.devtools.autoconfigure.OptionalLiveReloadServer] [36mLiveReload server is running on port 35729[0;39m
[2024-06-04 09:20:40 [32mINFO [0;39m restartedMain] [org.springframework.boot.actuate.endpoint.web.EndpointLinksResolver] [36mExposing 1 endpoint(s) beneath base path '/actuator'[0;39m
[2024-06-04 09:20:40 [32mINFO [0;39m restartedMain] [org.apache.coyote.http11.Http11NioProtocol] [36mStarting ProtocolHandler ["http-nio-8080"][0;39m
[2024-06-04 09:20:40 [32mINFO [0;39m restartedMain] [org.springframework.boot.web.embedded.tomcat.TomcatWebServer] [36mTomcat started on port 8080 (http) with context path ''[0;39m
[2024-06-04 09:20:40 [32mINFO [0;39m restartedMain] [com.green.todo.TodoApplication] [36mStarted TodoApplication in 2.466 seconds (process running for 2.924)[0;39m
[2024-06-04 09:20:41 [32mINFO [0;39m RMI TCP Connection(3)-192.168.0.207] [org.apache.catalina.core.ContainerBase.[Tomcat].[localhost].[/]] [36mInitializing Spring DispatcherServlet 'dispatcherServlet'[0;39m
[2024-06-04 09:20:41 [32mINFO [0;39m RMI TCP Connection(3)-192.168.0.207] [org.springframework.web.servlet.DispatcherServlet] [36mInitializing Servlet 'dispatcherServlet'[0;39m
[2024-06-04 09:20:41 [32mINFO [0;39m RMI TCP Connection(3)-192.168.0.207] [org.springframework.web.servlet.DispatcherServlet] [36mCompleted initialization in 1 ms[0;39m
[2024-06-04 09:20:41 [32mINFO [0;39m RMI TCP Connection(2)-192.168.0.207] [com.zaxxer.hikari.HikariDataSource] [36mHikariPool-1 - Starting...[0;39m
[2024-06-04 09:20:41 [32mINFO [0;39m RMI TCP Connection(2)-192.168.0.207] [com.zaxxer.hikari.pool.HikariPool] [36mHikariPool-1 - Added connection net.sf.log4jdbc.sql.jdbcapi.ConnectionSpy@2defb15f[0;39m
[2024-06-04 09:20:41 [32mINFO [0;39m RMI TCP Connection(2)-192.168.0.207] [com.zaxxer.hikari.HikariDataSource] [36mHikariPool-1 - Start completed.[0;39m
[2024-06-04 09:20:45 [32mINFO [0;39m http-nio-8080-exec-6] [org.springdoc.api.AbstractOpenApiResource] [36mInit duration for springdoc-openapi is: 199 ms[0;39m
[2024-06-04 09:20:55 [32mDEBUG[0;39m http-nio-8080-exec-8] [jdbc.sqltiming] [36m com.zaxxer.hikari.pool.ProxyPreparedStatement.execute(ProxyPreparedStatement.java:44)
1. SELECT title
        FROM calendar
        WHERE calendar_id = 1
 {executed in 1 msec}[0;39m
[2024-06-04 09:20:55 [32mINFO [0;39m http-nio-8080-exec-8] [jdbc.resultsettable] [36m
|------|
|title |
|------|
|캘린더1  |
|------|
[0;39m
[2024-06-04 09:20:55 [32mDEBUG[0;39m http-nio-8080-exec-8] [jdbc.sqltiming] [36m com.zaxxer.hikari.pool.ProxyPreparedStatement.execute(ProxyPreparedStatement.java:44)
1. SELECT name
        FROM user
        WHERE user_id = 1
 {executed in 0 msec}[0;39m
[2024-06-04 09:20:55 [32mINFO [0;39m http-nio-8080-exec-8] [jdbc.resultsettable] [36m
|-----|
|name |
|-----|
|유저1  |
|-----|
[0;39m
[2024-06-04 09:20:55 [32mDEBUG[0;39m http-nio-8080-exec-8] [jdbc.sqltiming] [36m com.zaxxer.hikari.pool.ProxyPreparedStatement.execute(ProxyPreparedStatement.java:44)
1. INSERT INTO notice
        SET calendar_id = 1
            , content = '''유저1''님이 ''캘린더1''에 추가되었습니다.'
 {executed in 2 msec}[0;39m
[2024-06-04 09:20:55 [32mDEBUG[0;39m http-nio-8080-exec-8] [jdbc.sqltiming] [36m com.zaxxer.hikari.pool.ProxyStatement.getGeneratedKeys(ProxyStatement.java:229)
1. getGeneratedKeys on query: INSERT INTO notice
        SET calendar_id = 1
            , content = '''유저1''님이 ''캘린더1''에 추가되었습니다.'
 {executed in 0 msec}[0;39m
[2024-06-04 09:20:55 [32mINFO [0;39m http-nio-8080-exec-8] [jdbc.resultsettable] [36m
|----------|
|insert_id |
|----------|
|1         |
|----------|
[0;39m
[2024-06-04 09:20:55 [32mDEBUG[0;39m http-nio-8080-exec-8] [jdbc.sqltiming] [36m com.zaxxer.hikari.pool.ProxyPreparedStatement.execute(ProxyPreparedStatement.java:44)
1. SELECT user_id
        FROM calendar_user
        WHERE calendar_id = 1
 {executed in 0 msec}[0;39m
[2024-06-04 09:20:55 [32mINFO [0;39m http-nio-8080-exec-8] [jdbc.resultsettable] [36m
|--------|
|user_id |
|--------|
|1       |
|--------|
[0;39m
[2024-06-04 09:20:55 [32mDEBUG[0;39m http-nio-8080-exec-8] [jdbc.sqltiming] [36m com.zaxxer.hikari.pool.ProxyPreparedStatement.execute(ProxyPreparedStatement.java:44)
1. INSERT INTO notice_list
        SET notice_id = 1
        , user_id = 1
 {executed in 1 msec}[0;39m
[2024-06-04 09:20:55 [32mDEBUG[0;39m http-nio-8080-exec-8] [jdbc.sqltiming] [36m com.zaxxer.hikari.pool.ProxyPreparedStatement.execute(ProxyPreparedStatement.java:44)
1. INSERT INTO notice
        SET calendar_id = 1
            , content = '''캘린더1'' 캘린더가 추가되었습니다.'
 {executed in 1 msec}[0;39m
[2024-06-04 09:20:55 [32mDEBUG[0;39m http-nio-8080-exec-8] [jdbc.sqltiming] [36m com.zaxxer.hikari.pool.ProxyStatement.getGeneratedKeys(ProxyStatement.java:229)
1. getGeneratedKeys on query: INSERT INTO notice
        SET calendar_id = 1
            , content = '''캘린더1'' 캘린더가 추가되었습니다.'
 {executed in 0 msec}[0;39m
[2024-06-04 09:20:55 [32mINFO [0;39m http-nio-8080-exec-8] [jdbc.resultsettable] [36m
|----------|
|insert_id |
|----------|
|2         |
|----------|
[0;39m
[2024-06-04 09:20:55 [32mDEBUG[0;39m http-nio-8080-exec-8] [jdbc.sqltiming] [36m com.zaxxer.hikari.pool.ProxyPreparedStatement.execute(ProxyPreparedStatement.java:44)
1. INSERT INTO notice_list
        SET notice_id = 2
        , user_id = 1
 {executed in 1 msec}[0;39m
[2024-06-04 09:22:32 [32mINFO [0;39m SpringApplicationShutdownHook] [com.zaxxer.hikari.HikariDataSource] [36mHikariPool-1 - Shutdown initiated...[0;39m
[2024-06-04 09:22:32 [32mINFO [0;39m SpringApplicationShutdownHook] [com.zaxxer.hikari.HikariDataSource] [36mHikariPool-1 - Shutdown completed.[0;39m
[2024-06-04 09:22:36 [32mINFO [0;39m restartedMain] [com.green.todo.TodoApplication] [36mStarting TodoApplication using Java 17.0.10 with PID 3120 (C:\Users\Administrator\Desktop\todo-master\build\classes\java\main started by Administrator in C:\Users\Administrator\Desktop\todo-master)[0;39m
[2024-06-04 09:22:36 [32mINFO [0;39m restartedMain] [com.green.todo.TodoApplication] [36mNo active profile set, falling back to 1 default profile: "default"[0;39m
[2024-06-04 09:22:36 [32mINFO [0;39m restartedMain] [org.springframework.boot.devtools.env.DevToolsPropertyDefaultsPostProcessor] [36mDevtools property defaults active! Set 'spring.devtools.add-properties' to 'false' to disable[0;39m
[2024-06-04 09:22:36 [32mINFO [0;39m restartedMain] [org.springframework.boot.devtools.env.DevToolsPropertyDefaultsPostProcessor] [36mFor additional web related logging consider setting the 'logging.level.web' property to 'DEBUG'[0;39m
[2024-06-04 09:22:37 [32mINFO [0;39m restartedMain] [org.springframework.boot.web.embedded.tomcat.TomcatWebServer] [36mTomcat initialized with port 8080 (http)[0;39m
[2024-06-04 09:22:37 [32mINFO [0;39m restartedMain] [org.apache.coyote.http11.Http11NioProtocol] [36mInitializing ProtocolHandler ["http-nio-8080"][0;39m
[2024-06-04 09:22:37 [32mINFO [0;39m restartedMain] [org.apache.catalina.core.StandardService] [36mStarting service [Tomcat][0;39m
[2024-06-04 09:22:37 [32mINFO [0;39m restartedMain] [org.apache.catalina.core.StandardEngine] [36mStarting Servlet engine: [Apache Tomcat/10.1.20][0;39m
[2024-06-04 09:22:37 [32mINFO [0;39m restartedMain] [org.apache.catalina.core.ContainerBase.[Tomcat].[localhost].[/]] [36mInitializing Spring embedded WebApplicationContext[0;39m
[2024-06-04 09:22:37 [32mINFO [0;39m restartedMain] [org.springframework.boot.web.servlet.context.ServletWebServerApplicationContext] [36mRoot WebApplicationContext: initialization completed in 1048 ms[0;39m
[2024-06-04 09:22:38 [33mWARN [0;39m restartedMain] [org.springframework.boot.autoconfigure.thymeleaf.ThymeleafAutoConfiguration$DefaultTemplateResolverConfiguration] [36mCannot find template location: classpath:/templates/ (please add some templates, check your Thymeleaf configuration, or set spring.thymeleaf.check-template-location=false)[0;39m
[2024-06-04 09:22:38 [32mINFO [0;39m restartedMain] [org.springframework.boot.devtools.autoconfigure.OptionalLiveReloadServer] [36mLiveReload server is running on port 35729[0;39m
[2024-06-04 09:22:38 [32mINFO [0;39m restartedMain] [org.springframework.boot.actuate.endpoint.web.EndpointLinksResolver] [36mExposing 1 endpoint(s) beneath base path '/actuator'[0;39m
[2024-06-04 09:22:38 [32mINFO [0;39m restartedMain] [org.apache.coyote.http11.Http11NioProtocol] [36mStarting ProtocolHandler ["http-nio-8080"][0;39m
[2024-06-04 09:22:38 [32mINFO [0;39m restartedMain] [org.springframework.boot.web.embedded.tomcat.TomcatWebServer] [36mTomcat started on port 8080 (http) with context path ''[0;39m
[2024-06-04 09:22:38 [32mINFO [0;39m restartedMain] [com.green.todo.TodoApplication] [36mStarted TodoApplication in 2.122 seconds (process running for 2.49)[0;39m
[2024-06-04 09:22:38 [32mINFO [0;39m RMI TCP Connection(2)-192.168.0.207] [org.apache.catalina.core.ContainerBase.[Tomcat].[localhost].[/]] [36mInitializing Spring DispatcherServlet 'dispatcherServlet'[0;39m
[2024-06-04 09:22:38 [32mINFO [0;39m RMI TCP Connection(2)-192.168.0.207] [org.springframework.web.servlet.DispatcherServlet] [36mInitializing Servlet 'dispatcherServlet'[0;39m
[2024-06-04 09:22:38 [32mINFO [0;39m RMI TCP Connection(2)-192.168.0.207] [org.springframework.web.servlet.DispatcherServlet] [36mCompleted initialization in 0 ms[0;39m
[2024-06-04 09:22:38 [32mINFO [0;39m RMI TCP Connection(1)-192.168.0.207] [com.zaxxer.hikari.HikariDataSource] [36mHikariPool-1 - Starting...[0;39m
[2024-06-04 09:22:38 [32mINFO [0;39m RMI TCP Connection(1)-192.168.0.207] [com.zaxxer.hikari.pool.HikariPool] [36mHikariPool-1 - Added connection net.sf.log4jdbc.sql.jdbcapi.ConnectionSpy@60687b2d[0;39m
[2024-06-04 09:22:38 [32mINFO [0;39m RMI TCP Connection(1)-192.168.0.207] [com.zaxxer.hikari.HikariDataSource] [36mHikariPool-1 - Start completed.[0;39m
[2024-06-04 09:22:55 [32mDEBUG[0;39m http-nio-8080-exec-2] [jdbc.sqltiming] [36m com.zaxxer.hikari.pool.ProxyPreparedStatement.execute(ProxyPreparedStatement.java:44)
1. SELECT title
        FROM calendar
        WHERE calendar_id = 1
 {executed in 1 msec}[0;39m
[2024-06-04 09:22:55 [32mINFO [0;39m http-nio-8080-exec-2] [jdbc.resultsettable] [36m
|------|
|title |
|------|
|캘린더1  |
|------|
[0;39m
[2024-06-04 09:22:55 [32mDEBUG[0;39m http-nio-8080-exec-2] [jdbc.sqltiming] [36m com.zaxxer.hikari.pool.ProxyPreparedStatement.execute(ProxyPreparedStatement.java:44)
1. SELECT name
        FROM user
        WHERE user_id = 2
 {executed in 0 msec}[0;39m
[2024-06-04 09:22:55 [32mINFO [0;39m http-nio-8080-exec-2] [jdbc.resultsettable] [36m
|-----|
|name |
|-----|
|유저2  |
|-----|
[0;39m
[2024-06-04 09:22:55 [32mDEBUG[0;39m http-nio-8080-exec-2] [jdbc.sqltiming] [36m com.zaxxer.hikari.pool.ProxyPreparedStatement.execute(ProxyPreparedStatement.java:44)
1. INSERT INTO notice
        SET calendar_id = 1
            , content = '''유저2''님이 ''캘린더1''에 추가되었습니다.'
 {executed in 1 msec}[0;39m
[2024-06-04 09:22:55 [32mDEBUG[0;39m http-nio-8080-exec-2] [jdbc.sqltiming] [36m com.zaxxer.hikari.pool.ProxyStatement.getGeneratedKeys(ProxyStatement.java:229)
1. getGeneratedKeys on query: INSERT INTO notice
        SET calendar_id = 1
            , content = '''유저2''님이 ''캘린더1''에 추가되었습니다.'
 {executed in 0 msec}[0;39m
[2024-06-04 09:22:55 [32mINFO [0;39m http-nio-8080-exec-2] [jdbc.resultsettable] [36m
|----------|
|insert_id |
|----------|
|3         |
|----------|
[0;39m
[2024-06-04 09:22:55 [32mDEBUG[0;39m http-nio-8080-exec-2] [jdbc.sqltiming] [36m com.zaxxer.hikari.pool.ProxyPreparedStatement.execute(ProxyPreparedStatement.java:44)
1. SELECT user_id
        FROM calendar_user
        WHERE calendar_id = 1
 {executed in 0 msec}[0;39m
[2024-06-04 09:22:55 [32mINFO [0;39m http-nio-8080-exec-2] [jdbc.resultsettable] [36m
|--------|
|user_id |
|--------|
|1       |
|--------|
[0;39m
[2024-06-04 09:22:55 [32mDEBUG[0;39m http-nio-8080-exec-2] [jdbc.sqltiming] [36m com.zaxxer.hikari.pool.ProxyPreparedStatement.execute(ProxyPreparedStatement.java:44)
1. INSERT INTO notice_list
        SET notice_id = 3
        , user_id = 1
 {executed in 2 msec}[0;39m
[2024-06-04 09:22:55 [32mDEBUG[0;39m http-nio-8080-exec-2] [jdbc.sqltiming] [36m com.zaxxer.hikari.pool.ProxyPreparedStatement.execute(ProxyPreparedStatement.java:44)
1. INSERT INTO notice
        SET calendar_id = 1
            , content = '''캘린더1'' 캘린더가 추가되었습니다.'
 {executed in 2 msec}[0;39m
[2024-06-04 09:22:55 [32mDEBUG[0;39m http-nio-8080-exec-2] [jdbc.sqltiming] [36m com.zaxxer.hikari.pool.ProxyStatement.getGeneratedKeys(ProxyStatement.java:229)
1. getGeneratedKeys on query: INSERT INTO notice
        SET calendar_id = 1
            , content = '''캘린더1'' 캘린더가 추가되었습니다.'
 {executed in 0 msec}[0;39m
[2024-06-04 09:22:55 [32mINFO [0;39m http-nio-8080-exec-2] [jdbc.resultsettable] [36m
|----------|
|insert_id |
|----------|
|4         |
|----------|
[0;39m
[2024-06-04 09:22:55 [32mDEBUG[0;39m http-nio-8080-exec-2] [jdbc.sqltiming] [36m com.zaxxer.hikari.pool.ProxyPreparedStatement.execute(ProxyPreparedStatement.java:44)
1. INSERT INTO notice_list
        SET notice_id = 4
        , user_id = 1
 {executed in 2 msec}[0;39m
[2024-06-04 09:23:40 [32mDEBUG[0;39m http-nio-8080-exec-5] [jdbc.sqltiming] [36m com.zaxxer.hikari.pool.ProxyPreparedStatement.execute(ProxyPreparedStatement.java:44)
1. SELECT title
        FROM calendar
        WHERE calendar_id = 1
 {executed in 0 msec}[0;39m
[2024-06-04 09:23:40 [32mINFO [0;39m http-nio-8080-exec-5] [jdbc.resultsettable] [36m
|------|
|title |
|------|
|캘린더1  |
|------|
[0;39m
[2024-06-04 09:23:40 [32mDEBUG[0;39m http-nio-8080-exec-5] [jdbc.sqltiming] [36m com.zaxxer.hikari.pool.ProxyPreparedStatement.execute(ProxyPreparedStatement.java:44)
1. SELECT name
        FROM user
        WHERE user_id = 3
 {executed in 0 msec}[0;39m
[2024-06-04 09:23:40 [32mINFO [0;39m http-nio-8080-exec-5] [jdbc.resultsettable] [36m
|-----|
|name |
|-----|
|33   |
|-----|
[0;39m
[2024-06-04 09:23:40 [32mDEBUG[0;39m http-nio-8080-exec-5] [jdbc.sqltiming] [36m com.zaxxer.hikari.pool.ProxyPreparedStatement.execute(ProxyPreparedStatement.java:44)
1. INSERT INTO notice
        SET calendar_id = 1
            , content = '''33''님이 ''캘린더1''에 추가되었습니다.'
 {executed in 6 msec}[0;39m
[2024-06-04 09:23:40 [32mDEBUG[0;39m http-nio-8080-exec-5] [jdbc.sqltiming] [36m com.zaxxer.hikari.pool.ProxyStatement.getGeneratedKeys(ProxyStatement.java:229)
1. getGeneratedKeys on query: INSERT INTO notice
        SET calendar_id = 1
            , content = '''33''님이 ''캘린더1''에 추가되었습니다.'
 {executed in 0 msec}[0;39m
[2024-06-04 09:23:40 [32mINFO [0;39m http-nio-8080-exec-5] [jdbc.resultsettable] [36m
|----------|
|insert_id |
|----------|
|5         |
|----------|
[0;39m
[2024-06-04 09:23:40 [32mDEBUG[0;39m http-nio-8080-exec-5] [jdbc.sqltiming] [36m com.zaxxer.hikari.pool.ProxyPreparedStatement.execute(ProxyPreparedStatement.java:44)
1. SELECT user_id
        FROM calendar_user
        WHERE calendar_id = 1
 {executed in 0 msec}[0;39m
[2024-06-04 09:23:40 [32mINFO [0;39m http-nio-8080-exec-5] [jdbc.resultsettable] [36m
|--------|
|user_id |
|--------|
|1       |
|2       |
|--------|
[0;39m
[2024-06-04 09:23:40 [32mDEBUG[0;39m http-nio-8080-exec-5] [jdbc.sqltiming] [36m com.zaxxer.hikari.pool.ProxyPreparedStatement.execute(ProxyPreparedStatement.java:44)
1. INSERT INTO notice_list
        SET notice_id = 5
        , user_id = 1
 {executed in 1 msec}[0;39m
[2024-06-04 09:23:40 [32mDEBUG[0;39m http-nio-8080-exec-5] [jdbc.sqltiming] [36m com.zaxxer.hikari.pool.ProxyPreparedStatement.execute(ProxyPreparedStatement.java:44)
1. INSERT INTO notice_list
        SET notice_id = 5
        , user_id = 2
 {executed in 1 msec}[0;39m
[2024-06-04 09:23:40 [32mDEBUG[0;39m http-nio-8080-exec-5] [jdbc.sqltiming] [36m com.zaxxer.hikari.pool.ProxyPreparedStatement.execute(ProxyPreparedStatement.java:44)
1. INSERT INTO notice
        SET calendar_id = 1
            , content = '''캘린더1'' 캘린더가 추가되었습니다.'
 {executed in 1 msec}[0;39m
[2024-06-04 09:23:40 [32mDEBUG[0;39m http-nio-8080-exec-5] [jdbc.sqltiming] [36m com.zaxxer.hikari.pool.ProxyStatement.getGeneratedKeys(ProxyStatement.java:229)
1. getGeneratedKeys on query: INSERT INTO notice
        SET calendar_id = 1
            , content = '''캘린더1'' 캘린더가 추가되었습니다.'
 {executed in 0 msec}[0;39m
[2024-06-04 09:23:40 [32mINFO [0;39m http-nio-8080-exec-5] [jdbc.resultsettable] [36m
|----------|
|insert_id |
|----------|
|6         |
|----------|
[0;39m
[2024-06-04 09:23:40 [32mDEBUG[0;39m http-nio-8080-exec-5] [jdbc.sqltiming] [36m com.zaxxer.hikari.pool.ProxyPreparedStatement.execute(ProxyPreparedStatement.java:44)
1. INSERT INTO notice_list
        SET notice_id = 6
        , user_id = 1
 {executed in 3 msec}[0;39m
[2024-06-04 09:24:56 [32mINFO [0;39m SpringApplicationShutdownHook] [com.zaxxer.hikari.HikariDataSource] [36mHikariPool-1 - Shutdown initiated...[0;39m
[2024-06-04 09:24:56 [32mINFO [0;39m SpringApplicationShutdownHook] [com.zaxxer.hikari.HikariDataSource] [36mHikariPool-1 - Shutdown completed.[0;39m
[2024-06-04 09:24:58 [32mINFO [0;39m restartedMain] [com.green.todo.TodoApplication] [36mStarting TodoApplication using Java 17.0.10 with PID 9904 (C:\Users\Administrator\Desktop\todo-master\build\classes\java\main started by Administrator in C:\Users\Administrator\Desktop\todo-master)[0;39m
[2024-06-04 09:24:58 [32mINFO [0;39m restartedMain] [com.green.todo.TodoApplication] [36mNo active profile set, falling back to 1 default profile: "default"[0;39m
[2024-06-04 09:24:58 [32mINFO [0;39m restartedMain] [org.springframework.boot.devtools.env.DevToolsPropertyDefaultsPostProcessor] [36mDevtools property defaults active! Set 'spring.devtools.add-properties' to 'false' to disable[0;39m
[2024-06-04 09:24:58 [32mINFO [0;39m restartedMain] [org.springframework.boot.devtools.env.DevToolsPropertyDefaultsPostProcessor] [36mFor additional web related logging consider setting the 'logging.level.web' property to 'DEBUG'[0;39m
[2024-06-04 09:24:59 [32mINFO [0;39m restartedMain] [org.springframework.boot.web.embedded.tomcat.TomcatWebServer] [36mTomcat initialized with port 8080 (http)[0;39m
[2024-06-04 09:24:59 [32mINFO [0;39m restartedMain] [org.apache.coyote.http11.Http11NioProtocol] [36mInitializing ProtocolHandler ["http-nio-8080"][0;39m
[2024-06-04 09:24:59 [32mINFO [0;39m restartedMain] [org.apache.catalina.core.StandardService] [36mStarting service [Tomcat][0;39m
[2024-06-04 09:24:59 [32mINFO [0;39m restartedMain] [org.apache.catalina.core.StandardEngine] [36mStarting Servlet engine: [Apache Tomcat/10.1.20][0;39m
[2024-06-04 09:24:59 [32mINFO [0;39m restartedMain] [org.apache.catalina.core.ContainerBase.[Tomcat].[localhost].[/]] [36mInitializing Spring embedded WebApplicationContext[0;39m
[2024-06-04 09:24:59 [32mINFO [0;39m restartedMain] [org.springframework.boot.web.servlet.context.ServletWebServerApplicationContext] [36mRoot WebApplicationContext: initialization completed in 1020 ms[0;39m
[2024-06-04 09:25:00 [33mWARN [0;39m restartedMain] [org.springframework.boot.autoconfigure.thymeleaf.ThymeleafAutoConfiguration$DefaultTemplateResolverConfiguration] [36mCannot find template location: classpath:/templates/ (please add some templates, check your Thymeleaf configuration, or set spring.thymeleaf.check-template-location=false)[0;39m
[2024-06-04 09:25:00 [32mINFO [0;39m restartedMain] [org.springframework.boot.devtools.autoconfigure.OptionalLiveReloadServer] [36mLiveReload server is running on port 35729[0;39m
[2024-06-04 09:25:00 [32mINFO [0;39m restartedMain] [org.springframework.boot.actuate.endpoint.web.EndpointLinksResolver] [36mExposing 1 endpoint(s) beneath base path '/actuator'[0;39m
[2024-06-04 09:25:00 [32mINFO [0;39m restartedMain] [org.apache.coyote.http11.Http11NioProtocol] [36mStarting ProtocolHandler ["http-nio-8080"][0;39m
[2024-06-04 09:25:00 [32mINFO [0;39m restartedMain] [org.springframework.boot.web.embedded.tomcat.TomcatWebServer] [36mTomcat started on port 8080 (http) with context path ''[0;39m
[2024-06-04 09:25:00 [32mINFO [0;39m restartedMain] [com.green.todo.TodoApplication] [36mStarted TodoApplication in 2.085 seconds (process running for 2.457)[0;39m
[2024-06-04 09:25:01 [32mINFO [0;39m RMI TCP Connection(2)-192.168.0.207] [org.apache.catalina.core.ContainerBase.[Tomcat].[localhost].[/]] [36mInitializing Spring DispatcherServlet 'dispatcherServlet'[0;39m
[2024-06-04 09:25:01 [32mINFO [0;39m RMI TCP Connection(2)-192.168.0.207] [org.springframework.web.servlet.DispatcherServlet] [36mInitializing Servlet 'dispatcherServlet'[0;39m
[2024-06-04 09:25:01 [32mINFO [0;39m RMI TCP Connection(2)-192.168.0.207] [org.springframework.web.servlet.DispatcherServlet] [36mCompleted initialization in 1 ms[0;39m
[2024-06-04 09:25:01 [32mINFO [0;39m RMI TCP Connection(3)-192.168.0.207] [com.zaxxer.hikari.HikariDataSource] [36mHikariPool-1 - Starting...[0;39m
[2024-06-04 09:25:01 [32mINFO [0;39m RMI TCP Connection(3)-192.168.0.207] [com.zaxxer.hikari.pool.HikariPool] [36mHikariPool-1 - Added connection net.sf.log4jdbc.sql.jdbcapi.ConnectionSpy@5fe2656b[0;39m
[2024-06-04 09:25:01 [32mINFO [0;39m RMI TCP Connection(3)-192.168.0.207] [com.zaxxer.hikari.HikariDataSource] [36mHikariPool-1 - Start completed.[0;39m
[2024-06-04 09:25:16 [32mINFO [0;39m http-nio-8080-exec-8] [org.springdoc.api.AbstractOpenApiResource] [36mInit duration for springdoc-openapi is: 209 ms[0;39m
[2024-06-04 09:25:25 [32mDEBUG[0;39m http-nio-8080-exec-2] [jdbc.sqltiming] [36m com.zaxxer.hikari.pool.ProxyPreparedStatement.execute(ProxyPreparedStatement.java:44)
1. SELECT title
        FROM calendar
        WHERE calendar_id = 1
 {executed in 0 msec}[0;39m
[2024-06-04 09:25:25 [32mINFO [0;39m http-nio-8080-exec-2] [jdbc.resultsettable] [36m
|------|
|title |
|------|
|캘린더1  |
|------|
[0;39m
[2024-06-04 09:25:25 [32mDEBUG[0;39m http-nio-8080-exec-2] [jdbc.sqltiming] [36m com.zaxxer.hikari.pool.ProxyPreparedStatement.execute(ProxyPreparedStatement.java:44)
1. SELECT name
        FROM user
        WHERE user_id = 3
 {executed in 0 msec}[0;39m
[2024-06-04 09:25:25 [32mINFO [0;39m http-nio-8080-exec-2] [jdbc.resultsettable] [36m
|-----|
|name |
|-----|
|33   |
|-----|
[0;39m
[2024-06-04 09:25:25 [32mDEBUG[0;39m http-nio-8080-exec-2] [jdbc.sqltiming] [36m com.zaxxer.hikari.pool.ProxyPreparedStatement.execute(ProxyPreparedStatement.java:44)
1. INSERT INTO notice
        SET calendar_id = 1
            , content = '''33''님이 ''캘린더1''에 추가되었습니다.'
 {executed in 1 msec}[0;39m
[2024-06-04 09:25:25 [32mDEBUG[0;39m http-nio-8080-exec-2] [jdbc.sqltiming] [36m com.zaxxer.hikari.pool.ProxyStatement.getGeneratedKeys(ProxyStatement.java:229)
1. getGeneratedKeys on query: INSERT INTO notice
        SET calendar_id = 1
            , content = '''33''님이 ''캘린더1''에 추가되었습니다.'
 {executed in 0 msec}[0;39m
[2024-06-04 09:25:25 [32mINFO [0;39m http-nio-8080-exec-2] [jdbc.resultsettable] [36m
|----------|
|insert_id |
|----------|
|7         |
|----------|
[0;39m
[2024-06-04 09:25:25 [32mDEBUG[0;39m http-nio-8080-exec-2] [jdbc.sqltiming] [36m com.zaxxer.hikari.pool.ProxyPreparedStatement.execute(ProxyPreparedStatement.java:44)
1. SELECT user_id
        FROM calendar_user
        WHERE calendar_id = 1
 {executed in 0 msec}[0;39m
[2024-06-04 09:25:25 [32mINFO [0;39m http-nio-8080-exec-2] [jdbc.resultsettable] [36m
|--------|
|user_id |
|--------|
|1       |
|2       |
|--------|
[0;39m
[2024-06-04 09:25:25 [32mDEBUG[0;39m http-nio-8080-exec-2] [jdbc.sqltiming] [36m com.zaxxer.hikari.pool.ProxyPreparedStatement.execute(ProxyPreparedStatement.java:44)
1. INSERT INTO notice_list
        SET notice_id = 7
        , user_id = 1
 {executed in 1 msec}[0;39m
[2024-06-04 09:25:25 [32mDEBUG[0;39m http-nio-8080-exec-2] [jdbc.sqltiming] [36m com.zaxxer.hikari.pool.ProxyPreparedStatement.execute(ProxyPreparedStatement.java:44)
1. INSERT INTO notice_list
        SET notice_id = 7
        , user_id = 2
 {executed in 1 msec}[0;39m
[2024-06-04 09:25:25 [32mDEBUG[0;39m http-nio-8080-exec-2] [jdbc.sqltiming] [36m com.zaxxer.hikari.pool.ProxyPreparedStatement.execute(ProxyPreparedStatement.java:44)
1. INSERT INTO notice
        SET calendar_id = 1
            , content = '''캘린더1'' 캘린더가 추가되었습니다.'
 {executed in 1 msec}[0;39m
[2024-06-04 09:25:25 [32mDEBUG[0;39m http-nio-8080-exec-2] [jdbc.sqltiming] [36m com.zaxxer.hikari.pool.ProxyStatement.getGeneratedKeys(ProxyStatement.java:229)
1. getGeneratedKeys on query: INSERT INTO notice
        SET calendar_id = 1
            , content = '''캘린더1'' 캘린더가 추가되었습니다.'
 {executed in 0 msec}[0;39m
[2024-06-04 09:25:25 [32mINFO [0;39m http-nio-8080-exec-2] [jdbc.resultsettable] [36m
|----------|
|insert_id |
|----------|
|8         |
|----------|
[0;39m
[2024-06-04 09:25:25 [32mDEBUG[0;39m http-nio-8080-exec-2] [jdbc.sqltiming] [36m com.zaxxer.hikari.pool.ProxyPreparedStatement.execute(ProxyPreparedStatement.java:44)
1. INSERT INTO notice_list
        SET notice_id = 8
        , user_id = 3
 {executed in 1 msec}[0;39m
[2024-06-04 09:25:59 [32mINFO [0;39m SpringApplicationShutdownHook] [com.zaxxer.hikari.HikariDataSource] [36mHikariPool-1 - Shutdown initiated...[0;39m
[2024-06-04 09:25:59 [32mINFO [0;39m SpringApplicationShutdownHook] [com.zaxxer.hikari.HikariDataSource] [36mHikariPool-1 - Shutdown completed.[0;39m
[2024-06-04 10:53:00 [32mINFO [0;39m restartedMain] [com.green.todo.TodoApplication] [36mStarting TodoApplication using Java 17.0.10 with PID 12240 (C:\Users\Administrator\Desktop\todo\build\classes\java\main started by Administrator in C:\Users\Administrator\Desktop\todo)[0;39m
[2024-06-04 10:53:00 [32mINFO [0;39m restartedMain] [com.green.todo.TodoApplication] [36mNo active profile set, falling back to 1 default profile: "default"[0;39m
[2024-06-04 10:53:00 [32mINFO [0;39m restartedMain] [org.springframework.boot.devtools.env.DevToolsPropertyDefaultsPostProcessor] [36mDevtools property defaults active! Set 'spring.devtools.add-properties' to 'false' to disable[0;39m
[2024-06-04 10:53:00 [32mINFO [0;39m restartedMain] [org.springframework.boot.devtools.env.DevToolsPropertyDefaultsPostProcessor] [36mFor additional web related logging consider setting the 'logging.level.web' property to 'DEBUG'[0;39m
[2024-06-04 10:53:01 [32mINFO [0;39m restartedMain] [org.springframework.boot.web.embedded.tomcat.TomcatWebServer] [36mTomcat initialized with port 8080 (http)[0;39m
[2024-06-04 10:53:01 [32mINFO [0;39m restartedMain] [org.apache.coyote.http11.Http11NioProtocol] [36mInitializing ProtocolHandler ["http-nio-8080"][0;39m
[2024-06-04 10:53:01 [32mINFO [0;39m restartedMain] [org.apache.catalina.core.StandardService] [36mStarting service [Tomcat][0;39m
[2024-06-04 10:53:01 [32mINFO [0;39m restartedMain] [org.apache.catalina.core.StandardEngine] [36mStarting Servlet engine: [Apache Tomcat/10.1.20][0;39m
[2024-06-04 10:53:01 [32mINFO [0;39m restartedMain] [org.apache.catalina.core.ContainerBase.[Tomcat].[localhost].[/]] [36mInitializing Spring embedded WebApplicationContext[0;39m
[2024-06-04 10:53:01 [32mINFO [0;39m restartedMain] [org.springframework.boot.web.servlet.context.ServletWebServerApplicationContext] [36mRoot WebApplicationContext: initialization completed in 1075 ms[0;39m
[2024-06-04 10:53:01 [33mWARN [0;39m restartedMain] [org.springframework.boot.autoconfigure.thymeleaf.ThymeleafAutoConfiguration$DefaultTemplateResolverConfiguration] [36mCannot find template location: classpath:/templates/ (please add some templates, check your Thymeleaf configuration, or set spring.thymeleaf.check-template-location=false)[0;39m
[2024-06-04 10:53:01 [32mINFO [0;39m restartedMain] [org.springframework.boot.devtools.autoconfigure.OptionalLiveReloadServer] [36mLiveReload server is running on port 35729[0;39m
[2024-06-04 10:53:01 [32mINFO [0;39m restartedMain] [org.springframework.boot.actuate.endpoint.web.EndpointLinksResolver] [36mExposing 1 endpoint(s) beneath base path '/actuator'[0;39m
[2024-06-04 10:53:01 [32mINFO [0;39m restartedMain] [org.apache.coyote.http11.Http11NioProtocol] [36mStarting ProtocolHandler ["http-nio-8080"][0;39m
[2024-06-04 10:53:01 [32mINFO [0;39m restartedMain] [org.springframework.boot.web.embedded.tomcat.TomcatWebServer] [36mTomcat started on port 8080 (http) with context path ''[0;39m
[2024-06-04 10:53:01 [32mINFO [0;39m restartedMain] [com.green.todo.TodoApplication] [36mStarted TodoApplication in 2.283 seconds (process running for 2.764)[0;39m
[2024-06-04 10:53:02 [32mINFO [0;39m RMI TCP Connection(3)-192.168.0.207] [org.apache.catalina.core.ContainerBase.[Tomcat].[localhost].[/]] [36mInitializing Spring DispatcherServlet 'dispatcherServlet'[0;39m
[2024-06-04 10:53:02 [32mINFO [0;39m RMI TCP Connection(3)-192.168.0.207] [org.springframework.web.servlet.DispatcherServlet] [36mInitializing Servlet 'dispatcherServlet'[0;39m
[2024-06-04 10:53:02 [32mINFO [0;39m RMI TCP Connection(3)-192.168.0.207] [org.springframework.web.servlet.DispatcherServlet] [36mCompleted initialization in 2 ms[0;39m
[2024-06-04 10:53:02 [32mINFO [0;39m RMI TCP Connection(2)-192.168.0.207] [com.zaxxer.hikari.HikariDataSource] [36mHikariPool-1 - Starting...[0;39m
[2024-06-04 10:53:02 [32mINFO [0;39m RMI TCP Connection(2)-192.168.0.207] [com.zaxxer.hikari.pool.HikariPool] [36mHikariPool-1 - Added connection net.sf.log4jdbc.sql.jdbcapi.ConnectionSpy@aa37bc7[0;39m
[2024-06-04 10:53:02 [32mINFO [0;39m RMI TCP Connection(2)-192.168.0.207] [com.zaxxer.hikari.HikariDataSource] [36mHikariPool-1 - Start completed.[0;39m
[2024-06-04 10:53:24 [31mERROR[0;39m http-nio-8080-exec-2] [org.apache.catalina.core.ContainerBase.[Tomcat].[localhost].[/].[dispatcherServlet]] [36mServlet.service() for servlet [dispatcherServlet] in context with path [] threw exception[0;39m
java.io.FileNotFoundException: class path resource [static/index.html] cannot be resolved to URL because it does not exist
	at org.springframework.core.io.ClassPathResource.getURL(ClassPathResource.java:230)
	at org.springframework.core.io.AbstractFileResolvingResource.lastModified(AbstractFileResolvingResource.java:268)
	at org.springframework.web.servlet.resource.ResourceHttpRequestHandler.handleRequest(ResourceHttpRequestHandler.java:598)
	at org.springframework.web.servlet.mvc.HttpRequestHandlerAdapter.handle(HttpRequestHandlerAdapter.java:52)
	at org.springframework.web.servlet.DispatcherServlet.doDispatch(DispatcherServlet.java:1089)
	at org.springframework.web.servlet.DispatcherServlet.doService(DispatcherServlet.java:979)
	at org.springframework.web.servlet.FrameworkServlet.processRequest(FrameworkServlet.java:1014)
	at org.springframework.web.servlet.FrameworkServlet.doGet(FrameworkServlet.java:903)
	at jakarta.servlet.http.HttpServlet.service(HttpServlet.java:564)
	at org.springframework.web.servlet.FrameworkServlet.service(FrameworkServlet.java:885)
	at jakarta.servlet.http.HttpServlet.service(HttpServlet.java:658)
	at org.apache.catalina.core.ApplicationFilterChain.internalDoFilter(ApplicationFilterChain.java:206)
	at org.apache.catalina.core.ApplicationFilterChain.doFilter(ApplicationFilterChain.java:150)
	at org.apache.tomcat.websocket.server.WsFilter.doFilter(WsFilter.java:51)
	at org.apache.catalina.core.ApplicationFilterChain.internalDoFilter(ApplicationFilterChain.java:175)
	at org.apache.catalina.core.ApplicationFilterChain.doFilter(ApplicationFilterChain.java:150)
	at org.springframework.web.filter.RequestContextFilter.doFilterInternal(RequestContextFilter.java:100)
	at org.springframework.web.filter.OncePerRequestFilter.doFilter(OncePerRequestFilter.java:116)
	at org.apache.catalina.core.ApplicationFilterChain.internalDoFilter(ApplicationFilterChain.java:175)
	at org.apache.catalina.core.ApplicationFilterChain.doFilter(ApplicationFilterChain.java:150)
	at org.springframework.web.filter.FormContentFilter.doFilterInternal(FormContentFilter.java:93)
	at org.springframework.web.filter.OncePerRequestFilter.doFilter(OncePerRequestFilter.java:116)
	at org.apache.catalina.core.ApplicationFilterChain.internalDoFilter(ApplicationFilterChain.java:175)
	at org.apache.catalina.core.ApplicationFilterChain.doFilter(ApplicationFilterChain.java:150)
	at org.springframework.web.filter.ServerHttpObservationFilter.doFilterInternal(ServerHttpObservationFilter.java:109)
	at org.springframework.web.filter.OncePerRequestFilter.doFilter(OncePerRequestFilter.java:116)
	at org.apache.catalina.core.ApplicationFilterChain.internalDoFilter(ApplicationFilterChain.java:175)
	at org.apache.catalina.core.ApplicationFilterChain.doFilter(ApplicationFilterChain.java:150)
	at org.springframework.web.filter.CharacterEncodingFilter.doFilterInternal(CharacterEncodingFilter.java:201)
	at org.springframework.web.filter.OncePerRequestFilter.doFilter(OncePerRequestFilter.java:116)
	at org.apache.catalina.core.ApplicationFilterChain.internalDoFilter(ApplicationFilterChain.java:175)
	at org.apache.catalina.core.ApplicationFilterChain.doFilter(ApplicationFilterChain.java:150)
	at org.apache.catalina.core.StandardWrapperValve.invoke(StandardWrapperValve.java:167)
	at org.apache.catalina.core.StandardContextValve.invoke(StandardContextValve.java:90)
	at org.apache.catalina.authenticator.AuthenticatorBase.invoke(AuthenticatorBase.java:482)
	at org.apache.catalina.core.StandardHostValve.invoke(StandardHostValve.java:115)
	at org.apache.catalina.valves.ErrorReportValve.invoke(ErrorReportValve.java:93)
	at org.apache.catalina.core.StandardEngineValve.invoke(StandardEngineValve.java:74)
	at org.apache.catalina.connector.CoyoteAdapter.service(CoyoteAdapter.java:344)
	at org.apache.coyote.http11.Http11Processor.service(Http11Processor.java:391)
	at org.apache.coyote.AbstractProcessorLight.process(AbstractProcessorLight.java:63)
	at org.apache.coyote.AbstractProtocol$ConnectionHandler.process(AbstractProtocol.java:896)
	at org.apache.tomcat.util.net.NioEndpoint$SocketProcessor.doRun(NioEndpoint.java:1736)
	at org.apache.tomcat.util.net.SocketProcessorBase.run(SocketProcessorBase.java:52)
	at org.apache.tomcat.util.threads.ThreadPoolExecutor.runWorker(ThreadPoolExecutor.java:1191)
	at org.apache.tomcat.util.threads.ThreadPoolExecutor$Worker.run(ThreadPoolExecutor.java:659)
	at org.apache.tomcat.util.threads.TaskThread$WrappingRunnable.run(TaskThread.java:63)
	at java.base/java.lang.Thread.run(Thread.java:840)
[2024-06-04 10:53:28 [31mERROR[0;39m http-nio-8080-exec-4] [org.apache.catalina.core.ContainerBase.[Tomcat].[localhost].[/].[dispatcherServlet]] [36mServlet.service() for servlet [dispatcherServlet] in context with path [] threw exception[0;39m
java.io.FileNotFoundException: class path resource [static/index.html] cannot be resolved to URL because it does not exist
	at org.springframework.core.io.ClassPathResource.getURL(ClassPathResource.java:230)
	at org.springframework.core.io.AbstractFileResolvingResource.lastModified(AbstractFileResolvingResource.java:268)
	at org.springframework.web.servlet.resource.ResourceHttpRequestHandler.handleRequest(ResourceHttpRequestHandler.java:598)
	at org.springframework.web.servlet.mvc.HttpRequestHandlerAdapter.handle(HttpRequestHandlerAdapter.java:52)
	at org.springframework.web.servlet.DispatcherServlet.doDispatch(DispatcherServlet.java:1089)
	at org.springframework.web.servlet.DispatcherServlet.doService(DispatcherServlet.java:979)
	at org.springframework.web.servlet.FrameworkServlet.processRequest(FrameworkServlet.java:1014)
	at org.springframework.web.servlet.FrameworkServlet.doGet(FrameworkServlet.java:903)
	at jakarta.servlet.http.HttpServlet.service(HttpServlet.java:564)
	at org.springframework.web.servlet.FrameworkServlet.service(FrameworkServlet.java:885)
	at jakarta.servlet.http.HttpServlet.service(HttpServlet.java:658)
	at org.apache.catalina.core.ApplicationFilterChain.internalDoFilter(ApplicationFilterChain.java:206)
	at org.apache.catalina.core.ApplicationFilterChain.doFilter(ApplicationFilterChain.java:150)
	at org.apache.tomcat.websocket.server.WsFilter.doFilter(WsFilter.java:51)
	at org.apache.catalina.core.ApplicationFilterChain.internalDoFilter(ApplicationFilterChain.java:175)
	at org.apache.catalina.core.ApplicationFilterChain.doFilter(ApplicationFilterChain.java:150)
	at org.springframework.web.filter.RequestContextFilter.doFilterInternal(RequestContextFilter.java:100)
	at org.springframework.web.filter.OncePerRequestFilter.doFilter(OncePerRequestFilter.java:116)
	at org.apache.catalina.core.ApplicationFilterChain.internalDoFilter(ApplicationFilterChain.java:175)
	at org.apache.catalina.core.ApplicationFilterChain.doFilter(ApplicationFilterChain.java:150)
	at org.springframework.web.filter.FormContentFilter.doFilterInternal(FormContentFilter.java:93)
	at org.springframework.web.filter.OncePerRequestFilter.doFilter(OncePerRequestFilter.java:116)
	at org.apache.catalina.core.ApplicationFilterChain.internalDoFilter(ApplicationFilterChain.java:175)
	at org.apache.catalina.core.ApplicationFilterChain.doFilter(ApplicationFilterChain.java:150)
	at org.springframework.web.filter.ServerHttpObservationFilter.doFilterInternal(ServerHttpObservationFilter.java:109)
	at org.springframework.web.filter.OncePerRequestFilter.doFilter(OncePerRequestFilter.java:116)
	at org.apache.catalina.core.ApplicationFilterChain.internalDoFilter(ApplicationFilterChain.java:175)
	at org.apache.catalina.core.ApplicationFilterChain.doFilter(ApplicationFilterChain.java:150)
	at org.springframework.web.filter.CharacterEncodingFilter.doFilterInternal(CharacterEncodingFilter.java:201)
	at org.springframework.web.filter.OncePerRequestFilter.doFilter(OncePerRequestFilter.java:116)
	at org.apache.catalina.core.ApplicationFilterChain.internalDoFilter(ApplicationFilterChain.java:175)
	at org.apache.catalina.core.ApplicationFilterChain.doFilter(ApplicationFilterChain.java:150)
	at org.apache.catalina.core.StandardWrapperValve.invoke(StandardWrapperValve.java:167)
	at org.apache.catalina.core.StandardContextValve.invoke(StandardContextValve.java:90)
	at org.apache.catalina.authenticator.AuthenticatorBase.invoke(AuthenticatorBase.java:482)
	at org.apache.catalina.core.StandardHostValve.invoke(StandardHostValve.java:115)
	at org.apache.catalina.valves.ErrorReportValve.invoke(ErrorReportValve.java:93)
	at org.apache.catalina.core.StandardEngineValve.invoke(StandardEngineValve.java:74)
	at org.apache.catalina.connector.CoyoteAdapter.service(CoyoteAdapter.java:344)
	at org.apache.coyote.http11.Http11Processor.service(Http11Processor.java:391)
	at org.apache.coyote.AbstractProcessorLight.process(AbstractProcessorLight.java:63)
	at org.apache.coyote.AbstractProtocol$ConnectionHandler.process(AbstractProtocol.java:896)
	at org.apache.tomcat.util.net.NioEndpoint$SocketProcessor.doRun(NioEndpoint.java:1736)
	at org.apache.tomcat.util.net.SocketProcessorBase.run(SocketProcessorBase.java:52)
	at org.apache.tomcat.util.threads.ThreadPoolExecutor.runWorker(ThreadPoolExecutor.java:1191)
	at org.apache.tomcat.util.threads.ThreadPoolExecutor$Worker.run(ThreadPoolExecutor.java:659)
	at org.apache.tomcat.util.threads.TaskThread$WrappingRunnable.run(TaskThread.java:63)
	at java.base/java.lang.Thread.run(Thread.java:840)
[2024-06-04 10:53:33 [32mINFO [0;39m http-nio-8080-exec-7] [org.springdoc.api.AbstractOpenApiResource] [36mInit duration for springdoc-openapi is: 223 ms[0;39m
[2024-06-04 10:53:57 [32mDEBUG[0;39m http-nio-8080-exec-9] [jdbc.sqltiming] [36m com.zaxxer.hikari.pool.ProxyPreparedStatement.execute(ProxyPreparedStatement.java:44)
1. SELECT title
        FROM calendar
        WHERE calendar_id = 1
 {executed in 1 msec}[0;39m
[2024-06-04 10:53:57 [32mINFO [0;39m http-nio-8080-exec-9] [jdbc.resultsettable] [36m
|------|
|title |
|------|
|캘린더1  |
|------|
[0;39m
[2024-06-04 10:53:57 [32mDEBUG[0;39m http-nio-8080-exec-9] [jdbc.sqltiming] [36m com.zaxxer.hikari.pool.ProxyPreparedStatement.execute(ProxyPreparedStatement.java:44)
1. INSERT INTO notice
        SET calendar_id = 1
            , content = '''캘린더1''에 새로운 일정이 등록되었습니다.'
 {executed in 6 msec}[0;39m
[2024-06-04 10:53:57 [32mDEBUG[0;39m http-nio-8080-exec-9] [jdbc.sqltiming] [36m com.zaxxer.hikari.pool.ProxyStatement.getGeneratedKeys(ProxyStatement.java:229)
1. getGeneratedKeys on query: INSERT INTO notice
        SET calendar_id = 1
            , content = '''캘린더1''에 새로운 일정이 등록되었습니다.'
 {executed in 1 msec}[0;39m
[2024-06-04 10:53:57 [32mINFO [0;39m http-nio-8080-exec-9] [jdbc.resultsettable] [36m
|----------|
|insert_id |
|----------|
|9         |
|----------|
[0;39m
[2024-06-04 10:53:57 [32mDEBUG[0;39m http-nio-8080-exec-9] [jdbc.sqltiming] [36m com.zaxxer.hikari.pool.ProxyPreparedStatement.execute(ProxyPreparedStatement.java:44)
1. SELECT user_id
        FROM calendar_user
        WHERE calendar_id = 1
 {executed in 0 msec}[0;39m
[2024-06-04 10:53:57 [32mINFO [0;39m http-nio-8080-exec-9] [jdbc.resultsettable] [36m
|--------|
|user_id |
|--------|
|1       |
|2       |
|--------|
[0;39m
[2024-06-04 10:53:57 [32mDEBUG[0;39m http-nio-8080-exec-9] [jdbc.sqltiming] [36m com.zaxxer.hikari.pool.ProxyPreparedStatement.execute(ProxyPreparedStatement.java:44)
1. INSERT INTO notice_list
        SET notice_id = 9
        , user_id = 1
 {executed in 1 msec}[0;39m
[2024-06-04 10:55:26 [32mDEBUG[0;39m http-nio-8080-exec-2] [jdbc.sqltiming] [36m com.zaxxer.hikari.pool.ProxyPreparedStatement.execute(ProxyPreparedStatement.java:44)
1. SELECT title
        FROM calendar
        WHERE calendar_id = 2
 {executed in 1 msec}[0;39m
[2024-06-04 10:55:26 [32mINFO [0;39m http-nio-8080-exec-2] [jdbc.resultsettable] [36m
|------|
|title |
|------|
|캘린더2  |
|------|
[0;39m
[2024-06-04 10:55:26 [32mDEBUG[0;39m http-nio-8080-exec-2] [jdbc.sqltiming] [36m com.zaxxer.hikari.pool.ProxyPreparedStatement.execute(ProxyPreparedStatement.java:44)
1. INSERT INTO notice
        SET calendar_id = 2
            , content = '''캘린더2''에 새로운 일정이 등록되었습니다.'
 {executed in 6 msec}[0;39m
[2024-06-04 10:55:26 [32mDEBUG[0;39m http-nio-8080-exec-2] [jdbc.sqltiming] [36m com.zaxxer.hikari.pool.ProxyStatement.getGeneratedKeys(ProxyStatement.java:229)
1. getGeneratedKeys on query: INSERT INTO notice
        SET calendar_id = 2
            , content = '''캘린더2''에 새로운 일정이 등록되었습니다.'
 {executed in 0 msec}[0;39m
[2024-06-04 10:55:26 [32mINFO [0;39m http-nio-8080-exec-2] [jdbc.resultsettable] [36m
|----------|
|insert_id |
|----------|
|10        |
|----------|
[0;39m
[2024-06-04 10:55:26 [32mDEBUG[0;39m http-nio-8080-exec-2] [jdbc.sqltiming] [36m com.zaxxer.hikari.pool.ProxyPreparedStatement.execute(ProxyPreparedStatement.java:44)
1. SELECT user_id
        FROM calendar_user
        WHERE calendar_id = 2
 {executed in 1 msec}[0;39m
[2024-06-04 10:55:26 [32mINFO [0;39m http-nio-8080-exec-2] [jdbc.resultsettable] [36m
|--------|
|user_id |
|--------|
|1       |
|3       |
|4       |
|--------|
[0;39m
[2024-06-04 10:55:26 [32mDEBUG[0;39m http-nio-8080-exec-2] [jdbc.sqltiming] [36m com.zaxxer.hikari.pool.ProxyPreparedStatement.execute(ProxyPreparedStatement.java:44)
1. INSERT INTO notice_list
        SET notice_id = 10
        , user_id = 1
 {executed in 1 msec}[0;39m
[2024-06-04 10:55:26 [32mDEBUG[0;39m http-nio-8080-exec-2] [jdbc.sqltiming] [36m com.zaxxer.hikari.pool.ProxyPreparedStatement.execute(ProxyPreparedStatement.java:44)
1. INSERT INTO notice_list
        SET notice_id = 10
        , user_id = 3
 {executed in 1 msec}[0;39m
[2024-06-04 10:56:45 [32mINFO [0;39m SpringApplicationShutdownHook] [com.zaxxer.hikari.HikariDataSource] [36mHikariPool-1 - Shutdown initiated...[0;39m
[2024-06-04 10:56:45 [32mINFO [0;39m SpringApplicationShutdownHook] [com.zaxxer.hikari.HikariDataSource] [36mHikariPool-1 - Shutdown completed.[0;39m
[2024-06-04 10:56:47 [32mINFO [0;39m restartedMain] [com.green.todo.TodoApplication] [36mStarting TodoApplication using Java 17.0.10 with PID 2104 (C:\Users\Administrator\Desktop\todo\build\classes\java\main started by Administrator in C:\Users\Administrator\Desktop\todo)[0;39m
[2024-06-04 10:56:47 [32mINFO [0;39m restartedMain] [com.green.todo.TodoApplication] [36mNo active profile set, falling back to 1 default profile: "default"[0;39m
[2024-06-04 10:56:47 [32mINFO [0;39m restartedMain] [org.springframework.boot.devtools.env.DevToolsPropertyDefaultsPostProcessor] [36mDevtools property defaults active! Set 'spring.devtools.add-properties' to 'false' to disable[0;39m
[2024-06-04 10:56:47 [32mINFO [0;39m restartedMain] [org.springframework.boot.devtools.env.DevToolsPropertyDefaultsPostProcessor] [36mFor additional web related logging consider setting the 'logging.level.web' property to 'DEBUG'[0;39m
[2024-06-04 10:56:48 [32mINFO [0;39m restartedMain] [org.springframework.boot.web.embedded.tomcat.TomcatWebServer] [36mTomcat initialized with port 8080 (http)[0;39m
[2024-06-04 10:56:48 [32mINFO [0;39m restartedMain] [org.apache.coyote.http11.Http11NioProtocol] [36mInitializing ProtocolHandler ["http-nio-8080"][0;39m
[2024-06-04 10:56:48 [32mINFO [0;39m restartedMain] [org.apache.catalina.core.StandardService] [36mStarting service [Tomcat][0;39m
[2024-06-04 10:56:48 [32mINFO [0;39m restartedMain] [org.apache.catalina.core.StandardEngine] [36mStarting Servlet engine: [Apache Tomcat/10.1.20][0;39m
[2024-06-04 10:56:48 [32mINFO [0;39m restartedMain] [org.apache.catalina.core.ContainerBase.[Tomcat].[localhost].[/]] [36mInitializing Spring embedded WebApplicationContext[0;39m
[2024-06-04 10:56:48 [32mINFO [0;39m restartedMain] [org.springframework.boot.web.servlet.context.ServletWebServerApplicationContext] [36mRoot WebApplicationContext: initialization completed in 1176 ms[0;39m
[2024-06-04 10:56:49 [33mWARN [0;39m restartedMain] [org.springframework.boot.autoconfigure.thymeleaf.ThymeleafAutoConfiguration$DefaultTemplateResolverConfiguration] [36mCannot find template location: classpath:/templates/ (please add some templates, check your Thymeleaf configuration, or set spring.thymeleaf.check-template-location=false)[0;39m
[2024-06-04 10:56:49 [32mINFO [0;39m restartedMain] [org.springframework.boot.devtools.autoconfigure.OptionalLiveReloadServer] [36mLiveReload server is running on port 35729[0;39m
[2024-06-04 10:56:49 [32mINFO [0;39m restartedMain] [org.springframework.boot.actuate.endpoint.web.EndpointLinksResolver] [36mExposing 1 endpoint(s) beneath base path '/actuator'[0;39m
[2024-06-04 10:56:49 [32mINFO [0;39m restartedMain] [org.apache.coyote.http11.Http11NioProtocol] [36mStarting ProtocolHandler ["http-nio-8080"][0;39m
[2024-06-04 10:56:49 [32mINFO [0;39m restartedMain] [org.springframework.boot.web.embedded.tomcat.TomcatWebServer] [36mTomcat started on port 8080 (http) with context path ''[0;39m
[2024-06-04 10:56:49 [32mINFO [0;39m restartedMain] [com.green.todo.TodoApplication] [36mStarted TodoApplication in 2.304 seconds (process running for 2.668)[0;39m
[2024-06-04 10:56:50 [32mINFO [0;39m RMI TCP Connection(2)-192.168.0.207] [org.apache.catalina.core.ContainerBase.[Tomcat].[localhost].[/]] [36mInitializing Spring DispatcherServlet 'dispatcherServlet'[0;39m
[2024-06-04 10:56:50 [32mINFO [0;39m RMI TCP Connection(2)-192.168.0.207] [org.springframework.web.servlet.DispatcherServlet] [36mInitializing Servlet 'dispatcherServlet'[0;39m
[2024-06-04 10:56:50 [32mINFO [0;39m RMI TCP Connection(2)-192.168.0.207] [org.springframework.web.servlet.DispatcherServlet] [36mCompleted initialization in 2 ms[0;39m
[2024-06-04 10:56:50 [32mINFO [0;39m RMI TCP Connection(1)-192.168.0.207] [com.zaxxer.hikari.HikariDataSource] [36mHikariPool-1 - Starting...[0;39m
[2024-06-04 10:56:50 [32mINFO [0;39m RMI TCP Connection(1)-192.168.0.207] [com.zaxxer.hikari.pool.HikariPool] [36mHikariPool-1 - Added connection net.sf.log4jdbc.sql.jdbcapi.ConnectionSpy@658cbf36[0;39m
[2024-06-04 10:56:50 [32mINFO [0;39m RMI TCP Connection(1)-192.168.0.207] [com.zaxxer.hikari.HikariDataSource] [36mHikariPool-1 - Start completed.[0;39m
[2024-06-04 10:56:53 [31mERROR[0;39m http-nio-8080-exec-1] [org.apache.catalina.core.ContainerBase.[Tomcat].[localhost].[/].[dispatcherServlet]] [36mServlet.service() for servlet [dispatcherServlet] in context with path [] threw exception [Request processing failed: org.apache.ibatis.binding.BindingException: Invalid bound statement (not found): com.green.todo.notice.NoticeMapper.getBoardName] with root cause[0;39m
org.apache.ibatis.binding.BindingException: Invalid bound statement (not found): com.green.todo.notice.NoticeMapper.getBoardName
	at org.apache.ibatis.binding.MapperMethod$SqlCommand.<init>(MapperMethod.java:229)
	at org.apache.ibatis.binding.MapperMethod.<init>(MapperMethod.java:53)
	at org.apache.ibatis.binding.MapperProxy.lambda$cachedInvoker$0(MapperProxy.java:96)
	at java.base/java.util.concurrent.ConcurrentHashMap.computeIfAbsent(ConcurrentHashMap.java:1708)
	at org.apache.ibatis.util.MapUtil.computeIfAbsent(MapUtil.java:36)
	at org.apache.ibatis.binding.MapperProxy.cachedInvoker(MapperProxy.java:94)
	at org.apache.ibatis.binding.MapperProxy.invoke(MapperProxy.java:86)
	at jdk.proxy3/jdk.proxy3.$Proxy101.getBoardName(Unknown Source)
	at com.green.todo.notice.NoticeService.newCommentNotice(NoticeService.java:64)
	at com.green.todo.notice.NoticeController.testcomment(NoticeController.java:38)
	at java.base/jdk.internal.reflect.NativeMethodAccessorImpl.invoke0(Native Method)
	at java.base/jdk.internal.reflect.NativeMethodAccessorImpl.invoke(NativeMethodAccessorImpl.java:77)
	at java.base/jdk.internal.reflect.DelegatingMethodAccessorImpl.invoke(DelegatingMethodAccessorImpl.java:43)
	at java.base/java.lang.reflect.Method.invoke(Method.java:568)
	at org.springframework.web.method.support.InvocableHandlerMethod.doInvoke(InvocableHandlerMethod.java:255)
	at org.springframework.web.method.support.InvocableHandlerMethod.invokeForRequest(InvocableHandlerMethod.java:188)
	at org.springframework.web.servlet.mvc.method.annotation.ServletInvocableHandlerMethod.invokeAndHandle(ServletInvocableHandlerMethod.java:118)
	at org.springframework.web.servlet.mvc.method.annotation.RequestMappingHandlerAdapter.invokeHandlerMethod(RequestMappingHandlerAdapter.java:926)
	at org.springframework.web.servlet.mvc.method.annotation.RequestMappingHandlerAdapter.handleInternal(RequestMappingHandlerAdapter.java:831)
	at org.springframework.web.servlet.mvc.method.AbstractHandlerMethodAdapter.handle(AbstractHandlerMethodAdapter.java:87)
	at org.springframework.web.servlet.DispatcherServlet.doDispatch(DispatcherServlet.java:1089)
	at org.springframework.web.servlet.DispatcherServlet.doService(DispatcherServlet.java:979)
	at org.springframework.web.servlet.FrameworkServlet.processRequest(FrameworkServlet.java:1014)
	at org.springframework.web.servlet.FrameworkServlet.doPost(FrameworkServlet.java:914)
	at jakarta.servlet.http.HttpServlet.service(HttpServlet.java:590)
	at org.springframework.web.servlet.FrameworkServlet.service(FrameworkServlet.java:885)
	at jakarta.servlet.http.HttpServlet.service(HttpServlet.java:658)
	at org.apache.catalina.core.ApplicationFilterChain.internalDoFilter(ApplicationFilterChain.java:206)
	at org.apache.catalina.core.ApplicationFilterChain.doFilter(ApplicationFilterChain.java:150)
	at org.apache.tomcat.websocket.server.WsFilter.doFilter(WsFilter.java:51)
	at org.apache.catalina.core.ApplicationFilterChain.internalDoFilter(ApplicationFilterChain.java:175)
	at org.apache.catalina.core.ApplicationFilterChain.doFilter(ApplicationFilterChain.java:150)
	at org.springframework.web.filter.RequestContextFilter.doFilterInternal(RequestContextFilter.java:100)
	at org.springframework.web.filter.OncePerRequestFilter.doFilter(OncePerRequestFilter.java:116)
	at org.apache.catalina.core.ApplicationFilterChain.internalDoFilter(ApplicationFilterChain.java:175)
	at org.apache.catalina.core.ApplicationFilterChain.doFilter(ApplicationFilterChain.java:150)
	at org.springframework.web.filter.FormContentFilter.doFilterInternal(FormContentFilter.java:93)
	at org.springframework.web.filter.OncePerRequestFilter.doFilter(OncePerRequestFilter.java:116)
	at org.apache.catalina.core.ApplicationFilterChain.internalDoFilter(ApplicationFilterChain.java:175)
	at org.apache.catalina.core.ApplicationFilterChain.doFilter(ApplicationFilterChain.java:150)
	at org.springframework.web.filter.ServerHttpObservationFilter.doFilterInternal(ServerHttpObservationFilter.java:109)
	at org.springframework.web.filter.OncePerRequestFilter.doFilter(OncePerRequestFilter.java:116)
	at org.apache.catalina.core.ApplicationFilterChain.internalDoFilter(ApplicationFilterChain.java:175)
	at org.apache.catalina.core.ApplicationFilterChain.doFilter(ApplicationFilterChain.java:150)
	at org.springframework.web.filter.CharacterEncodingFilter.doFilterInternal(CharacterEncodingFilter.java:201)
	at org.springframework.web.filter.OncePerRequestFilter.doFilter(OncePerRequestFilter.java:116)
	at org.apache.catalina.core.ApplicationFilterChain.internalDoFilter(ApplicationFilterChain.java:175)
	at org.apache.catalina.core.ApplicationFilterChain.doFilter(ApplicationFilterChain.java:150)
	at org.apache.catalina.core.StandardWrapperValve.invoke(StandardWrapperValve.java:167)
	at org.apache.catalina.core.StandardContextValve.invoke(StandardContextValve.java:90)
	at org.apache.catalina.authenticator.AuthenticatorBase.invoke(AuthenticatorBase.java:482)
	at org.apache.catalina.core.StandardHostValve.invoke(StandardHostValve.java:115)
	at org.apache.catalina.valves.ErrorReportValve.invoke(ErrorReportValve.java:93)
	at org.apache.catalina.core.StandardEngineValve.invoke(StandardEngineValve.java:74)
	at org.apache.catalina.connector.CoyoteAdapter.service(CoyoteAdapter.java:344)
	at org.apache.coyote.http11.Http11Processor.service(Http11Processor.java:391)
	at org.apache.coyote.AbstractProcessorLight.process(AbstractProcessorLight.java:63)
	at org.apache.coyote.AbstractProtocol$ConnectionHandler.process(AbstractProtocol.java:896)
	at org.apache.tomcat.util.net.NioEndpoint$SocketProcessor.doRun(NioEndpoint.java:1736)
	at org.apache.tomcat.util.net.SocketProcessorBase.run(SocketProcessorBase.java:52)
	at org.apache.tomcat.util.threads.ThreadPoolExecutor.runWorker(ThreadPoolExecutor.java:1191)
	at org.apache.tomcat.util.threads.ThreadPoolExecutor$Worker.run(ThreadPoolExecutor.java:659)
	at org.apache.tomcat.util.threads.TaskThread$WrappingRunnable.run(TaskThread.java:63)
	at java.base/java.lang.Thread.run(Thread.java:840)
[2024-06-04 10:56:56 [32mINFO [0;39m http-nio-8080-exec-5] [org.springdoc.api.AbstractOpenApiResource] [36mInit duration for springdoc-openapi is: 206 ms[0;39m
[2024-06-04 10:57:21 [31mERROR[0;39m http-nio-8080-exec-6] [org.apache.catalina.core.ContainerBase.[Tomcat].[localhost].[/].[dispatcherServlet]] [36mServlet.service() for servlet [dispatcherServlet] in context with path [] threw exception [Request processing failed: org.apache.ibatis.binding.BindingException: Invalid bound statement (not found): com.green.todo.notice.NoticeMapper.getBoardName] with root cause[0;39m
org.apache.ibatis.binding.BindingException: Invalid bound statement (not found): com.green.todo.notice.NoticeMapper.getBoardName
	at org.apache.ibatis.binding.MapperMethod$SqlCommand.<init>(MapperMethod.java:229)
	at org.apache.ibatis.binding.MapperMethod.<init>(MapperMethod.java:53)
	at org.apache.ibatis.binding.MapperProxy.lambda$cachedInvoker$0(MapperProxy.java:96)
	at java.base/java.util.concurrent.ConcurrentHashMap.computeIfAbsent(ConcurrentHashMap.java:1708)
	at org.apache.ibatis.util.MapUtil.computeIfAbsent(MapUtil.java:36)
	at org.apache.ibatis.binding.MapperProxy.cachedInvoker(MapperProxy.java:94)
	at org.apache.ibatis.binding.MapperProxy.invoke(MapperProxy.java:86)
	at jdk.proxy3/jdk.proxy3.$Proxy101.getBoardName(Unknown Source)
	at com.green.todo.notice.NoticeService.newCommentNotice(NoticeService.java:64)
	at com.green.todo.notice.NoticeController.testcomment(NoticeController.java:38)
	at java.base/jdk.internal.reflect.NativeMethodAccessorImpl.invoke0(Native Method)
	at java.base/jdk.internal.reflect.NativeMethodAccessorImpl.invoke(NativeMethodAccessorImpl.java:77)
	at java.base/jdk.internal.reflect.DelegatingMethodAccessorImpl.invoke(DelegatingMethodAccessorImpl.java:43)
	at java.base/java.lang.reflect.Method.invoke(Method.java:568)
	at org.springframework.web.method.support.InvocableHandlerMethod.doInvoke(InvocableHandlerMethod.java:255)
	at org.springframework.web.method.support.InvocableHandlerMethod.invokeForRequest(InvocableHandlerMethod.java:188)
	at org.springframework.web.servlet.mvc.method.annotation.ServletInvocableHandlerMethod.invokeAndHandle(ServletInvocableHandlerMethod.java:118)
	at org.springframework.web.servlet.mvc.method.annotation.RequestMappingHandlerAdapter.invokeHandlerMethod(RequestMappingHandlerAdapter.java:926)
	at org.springframework.web.servlet.mvc.method.annotation.RequestMappingHandlerAdapter.handleInternal(RequestMappingHandlerAdapter.java:831)
	at org.springframework.web.servlet.mvc.method.AbstractHandlerMethodAdapter.handle(AbstractHandlerMethodAdapter.java:87)
	at org.springframework.web.servlet.DispatcherServlet.doDispatch(DispatcherServlet.java:1089)
	at org.springframework.web.servlet.DispatcherServlet.doService(DispatcherServlet.java:979)
	at org.springframework.web.servlet.FrameworkServlet.processRequest(FrameworkServlet.java:1014)
	at org.springframework.web.servlet.FrameworkServlet.doPost(FrameworkServlet.java:914)
	at jakarta.servlet.http.HttpServlet.service(HttpServlet.java:590)
	at org.springframework.web.servlet.FrameworkServlet.service(FrameworkServlet.java:885)
	at jakarta.servlet.http.HttpServlet.service(HttpServlet.java:658)
	at org.apache.catalina.core.ApplicationFilterChain.internalDoFilter(ApplicationFilterChain.java:206)
	at org.apache.catalina.core.ApplicationFilterChain.doFilter(ApplicationFilterChain.java:150)
	at org.apache.tomcat.websocket.server.WsFilter.doFilter(WsFilter.java:51)
	at org.apache.catalina.core.ApplicationFilterChain.internalDoFilter(ApplicationFilterChain.java:175)
	at org.apache.catalina.core.ApplicationFilterChain.doFilter(ApplicationFilterChain.java:150)
	at org.springframework.web.filter.RequestContextFilter.doFilterInternal(RequestContextFilter.java:100)
	at org.springframework.web.filter.OncePerRequestFilter.doFilter(OncePerRequestFilter.java:116)
	at org.apache.catalina.core.ApplicationFilterChain.internalDoFilter(ApplicationFilterChain.java:175)
	at org.apache.catalina.core.ApplicationFilterChain.doFilter(ApplicationFilterChain.java:150)
	at org.springframework.web.filter.FormContentFilter.doFilterInternal(FormContentFilter.java:93)
	at org.springframework.web.filter.OncePerRequestFilter.doFilter(OncePerRequestFilter.java:116)
	at org.apache.catalina.core.ApplicationFilterChain.internalDoFilter(ApplicationFilterChain.java:175)
	at org.apache.catalina.core.ApplicationFilterChain.doFilter(ApplicationFilterChain.java:150)
	at org.springframework.web.filter.ServerHttpObservationFilter.doFilterInternal(ServerHttpObservationFilter.java:109)
	at org.springframework.web.filter.OncePerRequestFilter.doFilter(OncePerRequestFilter.java:116)
	at org.apache.catalina.core.ApplicationFilterChain.internalDoFilter(ApplicationFilterChain.java:175)
	at org.apache.catalina.core.ApplicationFilterChain.doFilter(ApplicationFilterChain.java:150)
	at org.springframework.web.filter.CharacterEncodingFilter.doFilterInternal(CharacterEncodingFilter.java:201)
	at org.springframework.web.filter.OncePerRequestFilter.doFilter(OncePerRequestFilter.java:116)
	at org.apache.catalina.core.ApplicationFilterChain.internalDoFilter(ApplicationFilterChain.java:175)
	at org.apache.catalina.core.ApplicationFilterChain.doFilter(ApplicationFilterChain.java:150)
	at org.apache.catalina.core.StandardWrapperValve.invoke(StandardWrapperValve.java:167)
	at org.apache.catalina.core.StandardContextValve.invoke(StandardContextValve.java:90)
	at org.apache.catalina.authenticator.AuthenticatorBase.invoke(AuthenticatorBase.java:482)
	at org.apache.catalina.core.StandardHostValve.invoke(StandardHostValve.java:115)
	at org.apache.catalina.valves.ErrorReportValve.invoke(ErrorReportValve.java:93)
	at org.apache.catalina.core.StandardEngineValve.invoke(StandardEngineValve.java:74)
	at org.apache.catalina.connector.CoyoteAdapter.service(CoyoteAdapter.java:344)
	at org.apache.coyote.http11.Http11Processor.service(Http11Processor.java:391)
	at org.apache.coyote.AbstractProcessorLight.process(AbstractProcessorLight.java:63)
	at org.apache.coyote.AbstractProtocol$ConnectionHandler.process(AbstractProtocol.java:896)
	at org.apache.tomcat.util.net.NioEndpoint$SocketProcessor.doRun(NioEndpoint.java:1736)
	at org.apache.tomcat.util.net.SocketProcessorBase.run(SocketProcessorBase.java:52)
	at org.apache.tomcat.util.threads.ThreadPoolExecutor.runWorker(ThreadPoolExecutor.java:1191)
	at org.apache.tomcat.util.threads.ThreadPoolExecutor$Worker.run(ThreadPoolExecutor.java:659)
	at org.apache.tomcat.util.threads.TaskThread$WrappingRunnable.run(TaskThread.java:63)
	at java.base/java.lang.Thread.run(Thread.java:840)
[2024-06-04 10:58:33 [32mINFO [0;39m SpringApplicationShutdownHook] [com.zaxxer.hikari.HikariDataSource] [36mHikariPool-1 - Shutdown initiated...[0;39m
[2024-06-04 10:58:33 [32mINFO [0;39m SpringApplicationShutdownHook] [com.zaxxer.hikari.HikariDataSource] [36mHikariPool-1 - Shutdown completed.[0;39m
[2024-06-04 10:58:35 [32mINFO [0;39m restartedMain] [com.green.todo.TodoApplication] [36mStarting TodoApplication using Java 17.0.10 with PID 6900 (C:\Users\Administrator\Desktop\todo\build\classes\java\main started by Administrator in C:\Users\Administrator\Desktop\todo)[0;39m
[2024-06-04 10:58:35 [32mINFO [0;39m restartedMain] [com.green.todo.TodoApplication] [36mNo active profile set, falling back to 1 default profile: "default"[0;39m
[2024-06-04 10:58:35 [32mINFO [0;39m restartedMain] [org.springframework.boot.devtools.env.DevToolsPropertyDefaultsPostProcessor] [36mDevtools property defaults active! Set 'spring.devtools.add-properties' to 'false' to disable[0;39m
[2024-06-04 10:58:35 [32mINFO [0;39m restartedMain] [org.springframework.boot.devtools.env.DevToolsPropertyDefaultsPostProcessor] [36mFor additional web related logging consider setting the 'logging.level.web' property to 'DEBUG'[0;39m
[2024-06-04 10:58:36 [32mINFO [0;39m restartedMain] [org.springframework.boot.web.embedded.tomcat.TomcatWebServer] [36mTomcat initialized with port 8080 (http)[0;39m
[2024-06-04 10:58:36 [32mINFO [0;39m restartedMain] [org.apache.coyote.http11.Http11NioProtocol] [36mInitializing ProtocolHandler ["http-nio-8080"][0;39m
[2024-06-04 10:58:36 [32mINFO [0;39m restartedMain] [org.apache.catalina.core.StandardService] [36mStarting service [Tomcat][0;39m
[2024-06-04 10:58:36 [32mINFO [0;39m restartedMain] [org.apache.catalina.core.StandardEngine] [36mStarting Servlet engine: [Apache Tomcat/10.1.20][0;39m
[2024-06-04 10:58:36 [32mINFO [0;39m restartedMain] [org.apache.catalina.core.ContainerBase.[Tomcat].[localhost].[/]] [36mInitializing Spring embedded WebApplicationContext[0;39m
[2024-06-04 10:58:36 [32mINFO [0;39m restartedMain] [org.springframework.boot.web.servlet.context.ServletWebServerApplicationContext] [36mRoot WebApplicationContext: initialization completed in 1057 ms[0;39m
[2024-06-04 10:58:37 [33mWARN [0;39m restartedMain] [org.springframework.boot.autoconfigure.thymeleaf.ThymeleafAutoConfiguration$DefaultTemplateResolverConfiguration] [36mCannot find template location: classpath:/templates/ (please add some templates, check your Thymeleaf configuration, or set spring.thymeleaf.check-template-location=false)[0;39m
[2024-06-04 10:58:37 [32mINFO [0;39m restartedMain] [org.springframework.boot.devtools.autoconfigure.OptionalLiveReloadServer] [36mLiveReload server is running on port 35729[0;39m
[2024-06-04 10:58:37 [32mINFO [0;39m restartedMain] [org.springframework.boot.actuate.endpoint.web.EndpointLinksResolver] [36mExposing 1 endpoint(s) beneath base path '/actuator'[0;39m
[2024-06-04 10:58:37 [32mINFO [0;39m restartedMain] [org.apache.coyote.http11.Http11NioProtocol] [36mStarting ProtocolHandler ["http-nio-8080"][0;39m
[2024-06-04 10:58:37 [32mINFO [0;39m restartedMain] [org.springframework.boot.web.embedded.tomcat.TomcatWebServer] [36mTomcat started on port 8080 (http) with context path ''[0;39m
[2024-06-04 10:58:37 [32mINFO [0;39m restartedMain] [com.green.todo.TodoApplication] [36mStarted TodoApplication in 2.181 seconds (process running for 2.57)[0;39m
[2024-06-04 10:58:37 [32mINFO [0;39m RMI TCP Connection(2)-192.168.0.207] [org.apache.catalina.core.ContainerBase.[Tomcat].[localhost].[/]] [36mInitializing Spring DispatcherServlet 'dispatcherServlet'[0;39m
[2024-06-04 10:58:37 [32mINFO [0;39m RMI TCP Connection(2)-192.168.0.207] [org.springframework.web.servlet.DispatcherServlet] [36mInitializing Servlet 'dispatcherServlet'[0;39m
[2024-06-04 10:58:37 [32mINFO [0;39m RMI TCP Connection(1)-192.168.0.207] [com.zaxxer.hikari.HikariDataSource] [36mHikariPool-1 - Starting...[0;39m
[2024-06-04 10:58:37 [32mINFO [0;39m RMI TCP Connection(2)-192.168.0.207] [org.springframework.web.servlet.DispatcherServlet] [36mCompleted initialization in 2 ms[0;39m
[2024-06-04 10:58:37 [32mINFO [0;39m RMI TCP Connection(1)-192.168.0.207] [com.zaxxer.hikari.pool.HikariPool] [36mHikariPool-1 - Added connection net.sf.log4jdbc.sql.jdbcapi.ConnectionSpy@36a07b22[0;39m
[2024-06-04 10:58:37 [32mINFO [0;39m RMI TCP Connection(1)-192.168.0.207] [com.zaxxer.hikari.HikariDataSource] [36mHikariPool-1 - Start completed.[0;39m
[2024-06-04 10:58:37 [32mINFO [0;39m SpringApplicationShutdownHook] [com.zaxxer.hikari.HikariDataSource] [36mHikariPool-1 - Shutdown initiated...[0;39m
[2024-06-04 10:58:37 [32mINFO [0;39m SpringApplicationShutdownHook] [com.zaxxer.hikari.HikariDataSource] [36mHikariPool-1 - Shutdown completed.[0;39m
[2024-06-04 10:58:39 [32mINFO [0;39m restartedMain] [com.green.todo.TodoApplication] [36mStarting TodoApplication using Java 17.0.10 with PID 6016 (C:\Users\Administrator\Desktop\todo\build\classes\java\main started by Administrator in C:\Users\Administrator\Desktop\todo)[0;39m
[2024-06-04 10:58:39 [32mINFO [0;39m restartedMain] [com.green.todo.TodoApplication] [36mNo active profile set, falling back to 1 default profile: "default"[0;39m
[2024-06-04 10:58:39 [32mINFO [0;39m restartedMain] [org.springframework.boot.devtools.env.DevToolsPropertyDefaultsPostProcessor] [36mDevtools property defaults active! Set 'spring.devtools.add-properties' to 'false' to disable[0;39m
[2024-06-04 10:58:39 [32mINFO [0;39m restartedMain] [org.springframework.boot.devtools.env.DevToolsPropertyDefaultsPostProcessor] [36mFor additional web related logging consider setting the 'logging.level.web' property to 'DEBUG'[0;39m
[2024-06-04 10:58:41 [32mINFO [0;39m restartedMain] [org.springframework.boot.web.embedded.tomcat.TomcatWebServer] [36mTomcat initialized with port 8080 (http)[0;39m
[2024-06-04 10:58:41 [32mINFO [0;39m restartedMain] [org.apache.coyote.http11.Http11NioProtocol] [36mInitializing ProtocolHandler ["http-nio-8080"][0;39m
[2024-06-04 10:58:41 [32mINFO [0;39m restartedMain] [org.apache.catalina.core.StandardService] [36mStarting service [Tomcat][0;39m
[2024-06-04 10:58:41 [32mINFO [0;39m restartedMain] [org.apache.catalina.core.StandardEngine] [36mStarting Servlet engine: [Apache Tomcat/10.1.20][0;39m
[2024-06-04 10:58:41 [32mINFO [0;39m restartedMain] [org.apache.catalina.core.ContainerBase.[Tomcat].[localhost].[/]] [36mInitializing Spring embedded WebApplicationContext[0;39m
[2024-06-04 10:58:41 [32mINFO [0;39m restartedMain] [org.springframework.boot.web.servlet.context.ServletWebServerApplicationContext] [36mRoot WebApplicationContext: initialization completed in 1192 ms[0;39m
[2024-06-04 10:58:41 [33mWARN [0;39m restartedMain] [org.springframework.boot.autoconfigure.thymeleaf.ThymeleafAutoConfiguration$DefaultTemplateResolverConfiguration] [36mCannot find template location: classpath:/templates/ (please add some templates, check your Thymeleaf configuration, or set spring.thymeleaf.check-template-location=false)[0;39m
[2024-06-04 10:58:42 [32mINFO [0;39m restartedMain] [org.springframework.boot.devtools.autoconfigure.OptionalLiveReloadServer] [36mLiveReload server is running on port 35729[0;39m
[2024-06-04 10:58:42 [32mINFO [0;39m restartedMain] [org.springframework.boot.actuate.endpoint.web.EndpointLinksResolver] [36mExposing 1 endpoint(s) beneath base path '/actuator'[0;39m
[2024-06-04 10:58:42 [32mINFO [0;39m restartedMain] [org.apache.coyote.http11.Http11NioProtocol] [36mStarting ProtocolHandler ["http-nio-8080"][0;39m
[2024-06-04 10:58:42 [32mINFO [0;39m restartedMain] [org.springframework.boot.web.embedded.tomcat.TomcatWebServer] [36mTomcat started on port 8080 (http) with context path ''[0;39m
[2024-06-04 10:58:42 [32mINFO [0;39m restartedMain] [com.green.todo.TodoApplication] [36mStarted TodoApplication in 2.708 seconds (process running for 3.449)[0;39m
[2024-06-04 10:58:42 [32mINFO [0;39m RMI TCP Connection(1)-192.168.0.207] [org.apache.catalina.core.ContainerBase.[Tomcat].[localhost].[/]] [36mInitializing Spring DispatcherServlet 'dispatcherServlet'[0;39m
[2024-06-04 10:58:42 [32mINFO [0;39m RMI TCP Connection(1)-192.168.0.207] [org.springframework.web.servlet.DispatcherServlet] [36mInitializing Servlet 'dispatcherServlet'[0;39m
[2024-06-04 10:58:42 [32mINFO [0;39m RMI TCP Connection(1)-192.168.0.207] [org.springframework.web.servlet.DispatcherServlet] [36mCompleted initialization in 1 ms[0;39m
[2024-06-04 10:58:42 [32mINFO [0;39m RMI TCP Connection(2)-192.168.0.207] [com.zaxxer.hikari.HikariDataSource] [36mHikariPool-1 - Starting...[0;39m
[2024-06-04 10:58:42 [32mINFO [0;39m RMI TCP Connection(2)-192.168.0.207] [com.zaxxer.hikari.pool.HikariPool] [36mHikariPool-1 - Added connection net.sf.log4jdbc.sql.jdbcapi.ConnectionSpy@1761f553[0;39m
[2024-06-04 10:58:42 [32mINFO [0;39m RMI TCP Connection(2)-192.168.0.207] [com.zaxxer.hikari.HikariDataSource] [36mHikariPool-1 - Start completed.[0;39m
[2024-06-04 10:59:16 [31mERROR[0;39m http-nio-8080-exec-1] [org.apache.catalina.core.ContainerBase.[Tomcat].[localhost].[/].[dispatcherServlet]] [36mServlet.service() for servlet [dispatcherServlet] in context with path [] threw exception [Request processing failed: org.apache.ibatis.binding.BindingException: Invalid bound statement (not found): com.green.todo.notice.NoticeMapper.getBoardName] with root cause[0;39m
org.apache.ibatis.binding.BindingException: Invalid bound statement (not found): com.green.todo.notice.NoticeMapper.getBoardName
	at org.apache.ibatis.binding.MapperMethod$SqlCommand.<init>(MapperMethod.java:229)
	at org.apache.ibatis.binding.MapperMethod.<init>(MapperMethod.java:53)
	at org.apache.ibatis.binding.MapperProxy.lambda$cachedInvoker$0(MapperProxy.java:96)
	at java.base/java.util.concurrent.ConcurrentHashMap.computeIfAbsent(ConcurrentHashMap.java:1708)
	at org.apache.ibatis.util.MapUtil.computeIfAbsent(MapUtil.java:36)
	at org.apache.ibatis.binding.MapperProxy.cachedInvoker(MapperProxy.java:94)
	at org.apache.ibatis.binding.MapperProxy.invoke(MapperProxy.java:86)
	at jdk.proxy3/jdk.proxy3.$Proxy101.getBoardName(Unknown Source)
	at com.green.todo.notice.NoticeService.newCommentNotice(NoticeService.java:64)
	at com.green.todo.notice.NoticeController.testcomment(NoticeController.java:38)
	at java.base/jdk.internal.reflect.NativeMethodAccessorImpl.invoke0(Native Method)
	at java.base/jdk.internal.reflect.NativeMethodAccessorImpl.invoke(NativeMethodAccessorImpl.java:77)
	at java.base/jdk.internal.reflect.DelegatingMethodAccessorImpl.invoke(DelegatingMethodAccessorImpl.java:43)
	at java.base/java.lang.reflect.Method.invoke(Method.java:568)
	at org.springframework.web.method.support.InvocableHandlerMethod.doInvoke(InvocableHandlerMethod.java:255)
	at org.springframework.web.method.support.InvocableHandlerMethod.invokeForRequest(InvocableHandlerMethod.java:188)
	at org.springframework.web.servlet.mvc.method.annotation.ServletInvocableHandlerMethod.invokeAndHandle(ServletInvocableHandlerMethod.java:118)
	at org.springframework.web.servlet.mvc.method.annotation.RequestMappingHandlerAdapter.invokeHandlerMethod(RequestMappingHandlerAdapter.java:926)
	at org.springframework.web.servlet.mvc.method.annotation.RequestMappingHandlerAdapter.handleInternal(RequestMappingHandlerAdapter.java:831)
	at org.springframework.web.servlet.mvc.method.AbstractHandlerMethodAdapter.handle(AbstractHandlerMethodAdapter.java:87)
	at org.springframework.web.servlet.DispatcherServlet.doDispatch(DispatcherServlet.java:1089)
	at org.springframework.web.servlet.DispatcherServlet.doService(DispatcherServlet.java:979)
	at org.springframework.web.servlet.FrameworkServlet.processRequest(FrameworkServlet.java:1014)
	at org.springframework.web.servlet.FrameworkServlet.doPost(FrameworkServlet.java:914)
	at jakarta.servlet.http.HttpServlet.service(HttpServlet.java:590)
	at org.springframework.web.servlet.FrameworkServlet.service(FrameworkServlet.java:885)
	at jakarta.servlet.http.HttpServlet.service(HttpServlet.java:658)
	at org.apache.catalina.core.ApplicationFilterChain.internalDoFilter(ApplicationFilterChain.java:206)
	at org.apache.catalina.core.ApplicationFilterChain.doFilter(ApplicationFilterChain.java:150)
	at org.apache.tomcat.websocket.server.WsFilter.doFilter(WsFilter.java:51)
	at org.apache.catalina.core.ApplicationFilterChain.internalDoFilter(ApplicationFilterChain.java:175)
	at org.apache.catalina.core.ApplicationFilterChain.doFilter(ApplicationFilterChain.java:150)
	at org.springframework.web.filter.RequestContextFilter.doFilterInternal(RequestContextFilter.java:100)
	at org.springframework.web.filter.OncePerRequestFilter.doFilter(OncePerRequestFilter.java:116)
	at org.apache.catalina.core.ApplicationFilterChain.internalDoFilter(ApplicationFilterChain.java:175)
	at org.apache.catalina.core.ApplicationFilterChain.doFilter(ApplicationFilterChain.java:150)
	at org.springframework.web.filter.FormContentFilter.doFilterInternal(FormContentFilter.java:93)
	at org.springframework.web.filter.OncePerRequestFilter.doFilter(OncePerRequestFilter.java:116)
	at org.apache.catalina.core.ApplicationFilterChain.internalDoFilter(ApplicationFilterChain.java:175)
	at org.apache.catalina.core.ApplicationFilterChain.doFilter(ApplicationFilterChain.java:150)
	at org.springframework.web.filter.ServerHttpObservationFilter.doFilterInternal(ServerHttpObservationFilter.java:109)
	at org.springframework.web.filter.OncePerRequestFilter.doFilter(OncePerRequestFilter.java:116)
	at org.apache.catalina.core.ApplicationFilterChain.internalDoFilter(ApplicationFilterChain.java:175)
	at org.apache.catalina.core.ApplicationFilterChain.doFilter(ApplicationFilterChain.java:150)
	at org.springframework.web.filter.CharacterEncodingFilter.doFilterInternal(CharacterEncodingFilter.java:201)
	at org.springframework.web.filter.OncePerRequestFilter.doFilter(OncePerRequestFilter.java:116)
	at org.apache.catalina.core.ApplicationFilterChain.internalDoFilter(ApplicationFilterChain.java:175)
	at org.apache.catalina.core.ApplicationFilterChain.doFilter(ApplicationFilterChain.java:150)
	at org.apache.catalina.core.StandardWrapperValve.invoke(StandardWrapperValve.java:167)
	at org.apache.catalina.core.StandardContextValve.invoke(StandardContextValve.java:90)
	at org.apache.catalina.authenticator.AuthenticatorBase.invoke(AuthenticatorBase.java:482)
	at org.apache.catalina.core.StandardHostValve.invoke(StandardHostValve.java:115)
	at org.apache.catalina.valves.ErrorReportValve.invoke(ErrorReportValve.java:93)
	at org.apache.catalina.core.StandardEngineValve.invoke(StandardEngineValve.java:74)
	at org.apache.catalina.connector.CoyoteAdapter.service(CoyoteAdapter.java:344)
	at org.apache.coyote.http11.Http11Processor.service(Http11Processor.java:391)
	at org.apache.coyote.AbstractProcessorLight.process(AbstractProcessorLight.java:63)
	at org.apache.coyote.AbstractProtocol$ConnectionHandler.process(AbstractProtocol.java:896)
	at org.apache.tomcat.util.net.NioEndpoint$SocketProcessor.doRun(NioEndpoint.java:1736)
	at org.apache.tomcat.util.net.SocketProcessorBase.run(SocketProcessorBase.java:52)
	at org.apache.tomcat.util.threads.ThreadPoolExecutor.runWorker(ThreadPoolExecutor.java:1191)
	at org.apache.tomcat.util.threads.ThreadPoolExecutor$Worker.run(ThreadPoolExecutor.java:659)
	at org.apache.tomcat.util.threads.TaskThread$WrappingRunnable.run(TaskThread.java:63)
	at java.base/java.lang.Thread.run(Thread.java:840)
[2024-06-04 10:59:26 [32mINFO [0;39m SpringApplicationShutdownHook] [com.zaxxer.hikari.HikariDataSource] [36mHikariPool-1 - Shutdown initiated...[0;39m
[2024-06-04 10:59:26 [32mINFO [0;39m SpringApplicationShutdownHook] [com.zaxxer.hikari.HikariDataSource] [36mHikariPool-1 - Shutdown completed.[0;39m
[2024-06-04 11:02:58 [32mINFO [0;39m restartedMain] [com.green.todo.TodoApplication] [36mStarting TodoApplication using Java 17.0.10 with PID 524 (C:\Users\Administrator\Desktop\todo\build\classes\java\main started by Administrator in C:\Users\Administrator\Desktop\todo)[0;39m
[2024-06-04 11:02:58 [32mINFO [0;39m restartedMain] [com.green.todo.TodoApplication] [36mNo active profile set, falling back to 1 default profile: "default"[0;39m
[2024-06-04 11:02:58 [32mINFO [0;39m restartedMain] [org.springframework.boot.devtools.env.DevToolsPropertyDefaultsPostProcessor] [36mDevtools property defaults active! Set 'spring.devtools.add-properties' to 'false' to disable[0;39m
[2024-06-04 11:02:58 [32mINFO [0;39m restartedMain] [org.springframework.boot.devtools.env.DevToolsPropertyDefaultsPostProcessor] [36mFor additional web related logging consider setting the 'logging.level.web' property to 'DEBUG'[0;39m
[2024-06-04 11:02:59 [32mINFO [0;39m restartedMain] [org.springframework.boot.web.embedded.tomcat.TomcatWebServer] [36mTomcat initialized with port 8080 (http)[0;39m
[2024-06-04 11:02:59 [32mINFO [0;39m restartedMain] [org.apache.coyote.http11.Http11NioProtocol] [36mInitializing ProtocolHandler ["http-nio-8080"][0;39m
[2024-06-04 11:02:59 [32mINFO [0;39m restartedMain] [org.apache.catalina.core.StandardService] [36mStarting service [Tomcat][0;39m
[2024-06-04 11:02:59 [32mINFO [0;39m restartedMain] [org.apache.catalina.core.StandardEngine] [36mStarting Servlet engine: [Apache Tomcat/10.1.20][0;39m
[2024-06-04 11:02:59 [32mINFO [0;39m restartedMain] [org.apache.catalina.core.ContainerBase.[Tomcat].[localhost].[/]] [36mInitializing Spring embedded WebApplicationContext[0;39m
[2024-06-04 11:02:59 [32mINFO [0;39m restartedMain] [org.springframework.boot.web.servlet.context.ServletWebServerApplicationContext] [36mRoot WebApplicationContext: initialization completed in 1067 ms[0;39m
[2024-06-04 11:03:00 [33mWARN [0;39m restartedMain] [org.springframework.boot.autoconfigure.thymeleaf.ThymeleafAutoConfiguration$DefaultTemplateResolverConfiguration] [36mCannot find template location: classpath:/templates/ (please add some templates, check your Thymeleaf configuration, or set spring.thymeleaf.check-template-location=false)[0;39m
[2024-06-04 11:03:00 [32mINFO [0;39m restartedMain] [org.springframework.boot.devtools.autoconfigure.OptionalLiveReloadServer] [36mLiveReload server is running on port 35729[0;39m
[2024-06-04 11:03:00 [32mINFO [0;39m restartedMain] [org.springframework.boot.actuate.endpoint.web.EndpointLinksResolver] [36mExposing 1 endpoint(s) beneath base path '/actuator'[0;39m
[2024-06-04 11:03:00 [32mINFO [0;39m restartedMain] [org.apache.coyote.http11.Http11NioProtocol] [36mStarting ProtocolHandler ["http-nio-8080"][0;39m
[2024-06-04 11:03:00 [32mINFO [0;39m restartedMain] [org.springframework.boot.web.embedded.tomcat.TomcatWebServer] [36mTomcat started on port 8080 (http) with context path ''[0;39m
[2024-06-04 11:03:00 [32mINFO [0;39m restartedMain] [com.green.todo.TodoApplication] [36mStarted TodoApplication in 2.256 seconds (process running for 2.641)[0;39m
[2024-06-04 11:03:00 [32mINFO [0;39m RMI TCP Connection(1)-192.168.0.207] [org.apache.catalina.core.ContainerBase.[Tomcat].[localhost].[/]] [36mInitializing Spring DispatcherServlet 'dispatcherServlet'[0;39m
[2024-06-04 11:03:00 [32mINFO [0;39m RMI TCP Connection(1)-192.168.0.207] [org.springframework.web.servlet.DispatcherServlet] [36mInitializing Servlet 'dispatcherServlet'[0;39m
[2024-06-04 11:03:00 [32mINFO [0;39m RMI TCP Connection(1)-192.168.0.207] [org.springframework.web.servlet.DispatcherServlet] [36mCompleted initialization in 1 ms[0;39m
[2024-06-04 11:03:00 [32mINFO [0;39m RMI TCP Connection(2)-192.168.0.207] [com.zaxxer.hikari.HikariDataSource] [36mHikariPool-1 - Starting...[0;39m
[2024-06-04 11:03:00 [32mINFO [0;39m RMI TCP Connection(2)-192.168.0.207] [com.zaxxer.hikari.pool.HikariPool] [36mHikariPool-1 - Added connection net.sf.log4jdbc.sql.jdbcapi.ConnectionSpy@7b209ee7[0;39m
[2024-06-04 11:03:00 [32mINFO [0;39m RMI TCP Connection(2)-192.168.0.207] [com.zaxxer.hikari.HikariDataSource] [36mHikariPool-1 - Start completed.[0;39m
[2024-06-04 11:03:02 [32mDEBUG[0;39m http-nio-8080-exec-1] [jdbc.sqltiming] [36m com.zaxxer.hikari.pool.ProxyPreparedStatement.execute(ProxyPreparedStatement.java:44)
1. SELECT title
        FROM board
        WHERE board_id = 2
 {executed in 0 msec}[0;39m
[2024-06-04 11:03:02 [32mINFO [0;39m http-nio-8080-exec-1] [jdbc.resultsettable] [36m
|------|
|title |
|------|
|2번보드  |
|------|
[0;39m
[2024-06-04 11:03:02 [32mDEBUG[0;39m http-nio-8080-exec-1] [jdbc.sqltiming] [36m com.zaxxer.hikari.pool.ProxyPreparedStatement.execute(ProxyPreparedStatement.java:44)
1. INSERT INTO notice
        SET calendar_id = 2
            , content = '''2번보드''에 새로운 댓글이 있습니다.'
 {executed in 1 msec}[0;39m
[2024-06-04 11:03:02 [32mDEBUG[0;39m http-nio-8080-exec-1] [jdbc.sqltiming] [36m com.zaxxer.hikari.pool.ProxyStatement.getGeneratedKeys(ProxyStatement.java:229)
1. getGeneratedKeys on query: INSERT INTO notice
        SET calendar_id = 2
            , content = '''2번보드''에 새로운 댓글이 있습니다.'
 {executed in 0 msec}[0;39m
[2024-06-04 11:03:02 [32mINFO [0;39m http-nio-8080-exec-1] [jdbc.resultsettable] [36m
|----------|
|insert_id |
|----------|
|11        |
|----------|
[0;39m
[2024-06-04 11:03:02 [32mDEBUG[0;39m http-nio-8080-exec-1] [jdbc.sqltiming] [36m com.zaxxer.hikari.pool.ProxyPreparedStatement.execute(ProxyPreparedStatement.java:44)
1. SELECT user_id
        FROM calendar_user
        WHERE calendar_id = 2
 {executed in 0 msec}[0;39m
[2024-06-04 11:03:02 [32mINFO [0;39m http-nio-8080-exec-1] [jdbc.resultsettable] [36m
|--------|
|user_id |
|--------|
|1       |
|3       |
|4       |
|5       |
|--------|
[0;39m
[2024-06-04 11:03:02 [32mDEBUG[0;39m http-nio-8080-exec-1] [jdbc.sqltiming] [36m com.zaxxer.hikari.pool.ProxyPreparedStatement.execute(ProxyPreparedStatement.java:44)
1. INSERT INTO notice_list
        SET notice_id = 11
        , user_id = 1
 {executed in 1 msec}[0;39m
[2024-06-04 11:03:02 [32mDEBUG[0;39m http-nio-8080-exec-1] [jdbc.sqltiming] [36m com.zaxxer.hikari.pool.ProxyPreparedStatement.execute(ProxyPreparedStatement.java:44)
1. INSERT INTO notice_list
        SET notice_id = 11
        , user_id = 3
 {executed in 1 msec}[0;39m
[2024-06-04 11:03:02 [32mDEBUG[0;39m http-nio-8080-exec-1] [jdbc.sqltiming] [36m com.zaxxer.hikari.pool.ProxyPreparedStatement.execute(ProxyPreparedStatement.java:44)
1. INSERT INTO notice_list
        SET notice_id = 11
        , user_id = 4
 {executed in 1 msec}[0;39m
[2024-06-04 11:04:40 [32mINFO [0;39m File Watcher] [org.springframework.boot.devtools.autoconfigure.LocalDevToolsAutoConfiguration$RestartingClassPathChangeChangedEventListener] [36mRestarting due to 6 class path changes (0 additions, 0 deletions, 6 modifications)[0;39m
[2024-06-04 11:04:40 [32mINFO [0;39m Thread-5] [org.apache.coyote.http11.Http11NioProtocol] [36mStopping ProtocolHandler ["http-nio-8080"][0;39m
[2024-06-04 11:04:40 [32mINFO [0;39m Thread-5] [com.zaxxer.hikari.HikariDataSource] [36mHikariPool-1 - Shutdown initiated...[0;39m
[2024-06-04 11:04:40 [32mINFO [0;39m Thread-5] [com.zaxxer.hikari.HikariDataSource] [36mHikariPool-1 - Shutdown completed.[0;39m
[2024-06-04 11:04:41 [32mINFO [0;39m restartedMain] [com.green.todo.TodoApplication] [36mStarting TodoApplication using Java 17.0.10 with PID 524 (C:\Users\Administrator\Desktop\todo\build\classes\java\main started by Administrator in C:\Users\Administrator\Desktop\todo)[0;39m
[2024-06-04 11:04:41 [32mINFO [0;39m restartedMain] [com.green.todo.TodoApplication] [36mNo active profile set, falling back to 1 default profile: "default"[0;39m
[2024-06-04 11:04:41 [32mINFO [0;39m restartedMain] [org.springframework.boot.web.embedded.tomcat.TomcatWebServer] [36mTomcat initialized with port 8080 (http)[0;39m
[2024-06-04 11:04:41 [32mINFO [0;39m restartedMain] [org.apache.coyote.http11.Http11NioProtocol] [36mInitializing ProtocolHandler ["http-nio-8080"][0;39m
[2024-06-04 11:04:41 [32mINFO [0;39m restartedMain] [org.apache.catalina.core.StandardService] [36mStarting service [Tomcat][0;39m
[2024-06-04 11:04:41 [32mINFO [0;39m restartedMain] [org.apache.catalina.core.StandardEngine] [36mStarting Servlet engine: [Apache Tomcat/10.1.20][0;39m
[2024-06-04 11:04:41 [32mINFO [0;39m restartedMain] [org.apache.catalina.core.ContainerBase.[Tomcat].[localhost].[/]] [36mInitializing Spring embedded WebApplicationContext[0;39m
[2024-06-04 11:04:41 [32mINFO [0;39m restartedMain] [org.springframework.boot.web.servlet.context.ServletWebServerApplicationContext] [36mRoot WebApplicationContext: initialization completed in 339 ms[0;39m
[2024-06-04 11:04:41 [33mWARN [0;39m restartedMain] [org.springframework.boot.autoconfigure.thymeleaf.ThymeleafAutoConfiguration$DefaultTemplateResolverConfiguration] [36mCannot find template location: classpath:/templates/ (please add some templates, check your Thymeleaf configuration, or set spring.thymeleaf.check-template-location=false)[0;39m
[2024-06-04 11:04:41 [32mINFO [0;39m restartedMain] [org.springframework.boot.devtools.autoconfigure.OptionalLiveReloadServer] [36mLiveReload server is running on port 35729[0;39m
[2024-06-04 11:04:41 [32mINFO [0;39m restartedMain] [org.springframework.boot.actuate.endpoint.web.EndpointLinksResolver] [36mExposing 1 endpoint(s) beneath base path '/actuator'[0;39m
[2024-06-04 11:04:41 [32mINFO [0;39m restartedMain] [org.apache.coyote.http11.Http11NioProtocol] [36mStarting ProtocolHandler ["http-nio-8080"][0;39m
[2024-06-04 11:04:41 [32mINFO [0;39m restartedMain] [org.springframework.boot.web.embedded.tomcat.TomcatWebServer] [36mTomcat started on port 8080 (http) with context path ''[0;39m
[2024-06-04 11:04:41 [32mINFO [0;39m restartedMain] [com.green.todo.TodoApplication] [36mStarted TodoApplication in 0.575 seconds (process running for 103.963)[0;39m
[2024-06-04 11:04:41 [32mINFO [0;39m restartedMain] [org.springframework.boot.devtools.autoconfigure.ConditionEvaluationDeltaLoggingListener] [36mCondition evaluation unchanged[0;39m
